[Licensing::Module] Trying to connect to existing licensing client channel...
Built from '6000.3/staging' branch; Version is '6000.3.2f1 (a9779f353c9b) revision 11106207'; Using compiler version '194234433'; Build Type 'Release'
[Licensing::IpcConnector] Successfully connected to: "LicenseClient-LordDrakkon" at "2026-05-01T23:23:19.4319653Z"
OS: 'Windows 10  (10.0.19045) 64bit Professional' Language: 'pt' Physical Memory: 32638 MB
BatchMode: 1, IsHumanControllingUs: 0, StartBugReporterOnCrash: 0, Is64bit: 1
Date: 2026-05-01T23:23:19Z
[Licensing::Client] Code 10 while verifying Licensing Client signature (process Id: 11848, path: "C:/Program Files/Unity/Hub/Editor/6000.0.74f1/Editor/Data/Resources/Licensing/Client/Unity.Licensing.Client.exe")
[Licensing::Module] LicensingClient has failed validation; ignoring
[Licensing::Client] Handshaking with LicensingClient:
  Version:                 1.17.4+4293ba1
  Session Id:              7b8dc29e44984fe3983c51ae5e2a535d
  Correlation Id:          f8251fb812e9f482802027aa2824ed2a
  External correlation Id: 663844075528411646
  Machine Id:              rz7OFoUSL7MgzTyJRWH9cIttXHE=
[Licensing::Module] Successfully connected to LicensingClient on channel: "LicenseClient-LordDrakkon" (connect: 0.00s, validation: 0.00s, handshake: 0.05s)
[Licensing::IpcConnector] Successfully connected to: "LicenseClient-LordDrakkon-notifications" at "2026-05-01T23:23:19.4851987Z"
[Licensing::Module] Licensing Background thread has ended after 0.05s

COMMAND LINE ARGUMENTS:
C:\Program Files\Unity\Hub\Editor\6000.3.2f1\Editor\Unity.exe
-adb2
-batchMode
-noUpm
-name
AssetImportWorker5
-projectPath
C:/Users/LordDrakkon/Documents/GitHub/Jogo/My project
-logFile
Logs/AssetImportWorker5.log
-srvPort
51762
-licensingIpc
LicenseClient-LordDrakkon
-job-worker-count
5
-background-job-worker-count
8
-gc-helper-count
1
-name
AssetImport
Successfully changed project path to: C:/Users/LordDrakkon/Documents/GitHub/Jogo/My project
C:/Users/LordDrakkon/Documents/GitHub/Jogo/My project
[UnityMemory] Configuration Parameters - Can be set up in boot.config
    "memorysetup-temp-allocator-size-nav-mesh-worker=65536"
    "memorysetup-temp-allocator-size-audio-worker=65536"
    "memorysetup-temp-allocator-size-gfx=262144"
    "memorysetup-allocator-temp-initial-block-size-main=262144"
    "memorysetup-allocator-temp-initial-block-size-worker=262144"
    "memorysetup-temp-allocator-size-background-worker=32768"
    "memorysetup-temp-allocator-size-job-worker=262144"
    "memorysetup-temp-allocator-size-preload-manager=33554432"
    "memorysetup-temp-allocator-size-gi-baking-worker=262144"
    "memorysetup-temp-allocator-size-gi-baking-worker=262144"
    "memorysetup-temp-allocator-size-gi-baking-worker=262144"
    "memorysetup-temp-allocator-size-gi-baking-worker=262144"
    "memorysetup-temp-allocator-size-gi-baking-worker=262144"
    "memorysetup-bucket-allocator-granularity=16"
    "memorysetup-bucket-allocator-bucket-count=8"
    "memorysetup-bucket-allocator-block-size=33554432"
    "memorysetup-bucket-allocator-block-count=8"
    "memorysetup-main-allocator-block-size=16777216"
    "memorysetup-thread-allocator-block-size=16777216"
    "memorysetup-gfx-main-allocator-block-size=16777216"
    "memorysetup-gfx-thread-allocator-block-size=16777216"
    "memorysetup-cache-allocator-block-size=4194304"
    "memorysetup-typetree-allocator-block-size=2097152"
    "memorysetup-profiler-bucket-allocator-granularity=16"
    "memorysetup-profiler-bucket-allocator-bucket-count=8"
    "memorysetup-profiler-bucket-allocator-block-size=33554432"
    "memorysetup-profiler-bucket-allocator-block-count=8"
    "memorysetup-profiler-allocator-block-size=16777216"
    "memorysetup-profiler-editor-allocator-block-size=1048576"
    "memorysetup-temp-allocator-size-main=16777216"
    "memorysetup-job-temp-allocator-block-size=2097152"
    "memorysetup-job-temp-allocator-block-size-background=1048576"
    "memorysetup-job-temp-allocator-reduction-small-platforms=262144"
    "memorysetup-temp-allocator-size-cloud-worker=32768"
Player connection [22212]  Target information:

Player connection [22212]  * "[IP] 192.168.1.103 [Port] 0 [Flags] 2 [Guid] 692664275 [EditorId] 692664275 [Version] 1048832 [Id] WindowsEditor(7,DESKTOP-V0Q8PJ4) [Debug] 1 [PackageName] WindowsEditor [ProjectName] Editor" 

Player connection [22212] Host joined multi-casting on [225.0.0.222:54997]...
Player connection [22212] Host joined alternative multi-casting on [225.0.0.222:34997]...
JobSystem: Creating JobQueue using job-worker-count value 5
Input System module state changed to: Initialized.
[Physics::Module] Initialized fallback backend.
[Physics::Module] Id: 0xdecafbad
Library Redirect Path: Library/
[Physics::Module] Selected backend.
[Physics::Module] Name: PhysX
[Physics::Module] Id: 0xf2b8ea05
[Physics::Module] SDK Version: 4.1.2
[Physics::Module] Integration Version: 1.0.0
[Physics::Module] Threading Mode: Multi-Threaded
Refreshing native plugins compatible for Editor in 5.38 ms, found 4 plugins.
Preloading 0 native plugins for Editor in 0.00 ms.
Initialize engine version: 6000.3.2f1 (a9779f353c9b)
[Subsystems] Discovering subsystems at path C:/Program Files/Unity/Hub/Editor/6000.3.2f1/Editor/Data/Resources/UnitySubsystems
[Subsystems] Discovering subsystems at path C:/Users/LordDrakkon/Documents/GitHub/Jogo/My project/Assets
GfxDevice: creating device client; kGfxThreadingModeNonThreaded
Direct3D:
    Version:  Direct3D 11.0 [level 11.1]
    Renderer: Radeon RX550/550 Series (ID=0x699f)
    Vendor:   ATI
    VRAM:     4075 MB
    Driver:   31.0.21923.1000
Initialize mono
Mono path[0] = 'C:/Program Files/Unity/Hub/Editor/6000.3.2f1/Editor/Data/Managed'
Mono path[1] = 'C:/Program Files/Unity/Hub/Editor/6000.3.2f1/Editor/Data/MonoBleedingEdge/lib/mono/unityjit-win32'
Mono config path = 'C:/Program Files/Unity/Hub/Editor/6000.3.2f1/Editor/Data/MonoBleedingEdge/etc'
Using monoOptions --debugger-agent=transport=dt_socket,embedding=1,server=y,suspend=n,address=127.0.0.1:56056
Begin MonoManager ReloadAssembly
Registering precompiled unity dll's ...
Register platform support module: C:/Program Files/Unity/Hub/Editor/6000.3.2f1/Editor/Data/PlaybackEngines/WebGLSupport/UnityEditor.WebGL.Extensions.dll
Register platform support module: C:/Program Files/Unity/Hub/Editor/6000.3.2f1/Editor/Data/PlaybackEngines/WindowsStandaloneSupport/UnityEditor.WindowsStandalone.Extensions.dll
Registered in 0.002909 seconds.
- Loaded All Assemblies, in  0.636 seconds
Native extension for WindowsStandalone target not found
Native extension for WebGL target not found
Mono: successfully reloaded assembly
- Finished resetting the current domain, in  0.573 seconds
Domain Reload Profiling: 1206ms
	BeginReloadAssembly (214ms)
		ExecutionOrderSort (0ms)
		DisableScriptedObjects (0ms)
		BackupInstance (0ms)
		ReleaseScriptingObjects (0ms)
		CreateAndSetChildDomain (1ms)
	RebuildCommonClasses (55ms)
	RebuildNativeTypeToScriptingClass (32ms)
	initialDomainReloadingComplete (69ms)
	LoadAllAssembliesAndSetupDomain (262ms)
		LoadAssemblies (209ms)
		RebuildTransferFunctionScriptingTraits (0ms)
		AnalyzeDomain (258ms)
			TypeCache.Refresh (256ms)
				TypeCache.ScanAssembly (232ms)
			BuildScriptInfoCaches (0ms)
			ResolveRequiredComponents (1ms)
	FinalizeReload (574ms)
		ReleaseScriptCaches (0ms)
		RebuildScriptCaches (0ms)
		SetupLoadedEditorAssemblies (504ms)
			LogAssemblyErrors (0ms)
			InitializePlatformSupportModulesInManaged (69ms)
			SetLoadedEditorAssemblies (5ms)
			BeforeProcessingInitializeOnLoad (120ms)
			ProcessInitializeOnLoadAttributes (209ms)
			ProcessInitializeOnLoadMethodAttributes (100ms)
			AfterProcessingInitializeOnLoad (0ms)
			EditorAssembliesLoaded (0ms)
		ExecutionOrderSort2 (0ms)
		AwakeInstancesAfterBackupRestoration (0ms)
========================================================================
Worker process is ready to serve import requests
Import Worker Mode flag is 0x00
Begin MonoManager ReloadAssembly
[Licensing::Client] Successfully resolved entitlement details
[Licensing::Module] License group:
  Id: 4674060662707-UnityPersXXXX
  Product: Unity Personal
  Type: Assigned
  Expiration: Unlimited
- Loaded All Assemblies, in  1.317 seconds
Refreshing native plugins compatible for Editor in 1.74 ms, found 4 plugins.
Native extension for WindowsStandalone target not found
Native extension for WebGL target not found
Package Manager log level set to [2]
[Package Manager] Failed to launch server process. Reason: Unity was launched with the -noUpm command-line argument
[Package Manager] Unable to send message (not connected to server process).
[Package Manager] Cannot connect to Unity Package Manager local server
Mono: successfully reloaded assembly
- Finished resetting the current domain, in  1.231 seconds
Domain Reload Profiling: 2542ms
	BeginReloadAssembly (255ms)
		ExecutionOrderSort (0ms)
		DisableScriptedObjects (9ms)
		BackupInstance (0ms)
		ReleaseScriptingObjects (0ms)
		CreateAndSetChildDomain (47ms)
	RebuildCommonClasses (51ms)
	RebuildNativeTypeToScriptingClass (21ms)
	initialDomainReloadingComplete (53ms)
	LoadAllAssembliesAndSetupDomain (931ms)
		LoadAssemblies (645ms)
		RebuildTransferFunctionScriptingTraits (0ms)
		AnalyzeDomain (422ms)
			TypeCache.Refresh (307ms)
				TypeCache.ScanAssembly (282ms)
			BuildScriptInfoCaches (95ms)
			ResolveRequiredComponents (16ms)
	FinalizeReload (1231ms)
		ReleaseScriptCaches (0ms)
		RebuildScriptCaches (0ms)
		SetupLoadedEditorAssemblies (995ms)
			LogAssemblyErrors (0ms)
			InitializePlatformSupportModulesInManaged (3ms)
			SetLoadedEditorAssemblies (5ms)
			BeforeProcessingInitializeOnLoad (291ms)
			ProcessInitializeOnLoadAttributes (521ms)
			ProcessInitializeOnLoadMethodAttributes (166ms)
			AfterProcessingInitializeOnLoad (10ms)
			EditorAssembliesLoaded (0ms)
		ExecutionOrderSort2 (0ms)
		AwakeInstancesAfterBackupRestoration (10ms)
Launched and connected shader compiler UnityShaderCompiler.exe after 0.01 seconds
Refreshing native plugins compatible for Editor in 2.16 ms, found 4 plugins.
Preloading 0 native plugins for Editor in 0.00 ms.
Unloading 16 Unused Serialized files (Serialized files now loaded: 0)
Unloading 6929 unused Assets / (4.7 MB). Loaded Objects now: 7747.
Memory consumption went from 156.5 MB to 151.8 MB.
Total: 10.987500 ms (FindLiveObjects: 0.831600 ms CreateObjectMapping: 1.189100 ms MarkObjects: 6.249300 ms  DeleteObjects: 2.716400 ms)

========================================================================
Received Import Request.
  Time since last request: 22987.797918 seconds.
  path: Assets/Art/789_Lorc_RPG_icons/Icon.1_18.png
  artifactKey: Guid(c22984a65d8b4214a976998a7722d103) Importer(815301076,1909f56bfc062723c751e8b465ee728b)
Start importing Assets/Art/789_Lorc_RPG_icons/Icon.1_18.png using Guid(c22984a65d8b4214a976998a7722d103) Importer(815301076,1909f56bfc062723c751e8b465ee728b) (PreviewImporter) -> (artifact id: '73cb69951e7a96bfe735fa1f99d803ba') in 0.247028 seconds
Number of updated asset objects reloaded before import = 0Number of asset objects unloaded after import = 3

========================================================================
Received Import Request.
  Time since last request: 0.000141 seconds.
  path: Assets/Art/789_Lorc_RPG_icons/Icon.1_21.png
  artifactKey: Guid(604a61d0294220c4092ca7d51efc6173) Importer(815301076,1909f56bfc062723c751e8b465ee728b)
Start importing Assets/Art/789_Lorc_RPG_icons/Icon.1_21.png using Guid(604a61d0294220c4092ca7d51efc6173) Importer(815301076,1909f56bfc062723c751e8b465ee728b) (PreviewImporter) -> (artifact id: '303e8aa1301d11ec5cf2edf074d1b2e0') in 0.0249052 seconds
Number of updated asset objects reloaded before import = 0Number of asset objects unloaded after import = 3

========================================================================
Received Import Request.
  Time since last request: 0.438133 seconds.
  path: Assets/Art/789_Lorc_RPG_icons/Icon.1_23.png
  artifactKey: Guid(44b85e91da1a93c4682c11200371a588) Importer(815301076,1909f56bfc062723c751e8b465ee728b)
Start importing Assets/Art/789_Lorc_RPG_icons/Icon.1_23.png using Guid(44b85e91da1a93c4682c11200371a588) Importer(815301076,1909f56bfc062723c751e8b465ee728b) (PreviewImporter) -> (artifact id: '312ce4f7ba566f06b78892ade8efb4bd') in 0.0213877 seconds
Number of updated asset objects reloaded before import = 0Number of asset objects unloaded after import = 3

========================================================================
Received Import Request.
  Time since last request: 0.000026 seconds.
  path: Assets/Art/789_Lorc_RPG_icons/Icon.1_26.png
  artifactKey: Guid(72eb9d44169d7da42b167b6fe1e0c883) Importer(815301076,1909f56bfc062723c751e8b465ee728b)
Start importing Assets/Art/789_Lorc_RPG_icons/Icon.1_26.png using Guid(72eb9d44169d7da42b167b6fe1e0c883) Importer(815301076,1909f56bfc062723c751e8b465ee728b) (PreviewImporter) -> (artifact id: '68887f3aea324eef9b48d1655543763e') in 0.0221446 seconds
Number of updated asset objects reloaded before import = 0Number of asset objects unloaded after import = 3

========================================================================
Received Import Request.
  Time since last request: 0.000024 seconds.
  path: Assets/Art/789_Lorc_RPG_icons/Icon.1_30.png
  artifactKey: Guid(80263fe974ceccd4891870d2d6edaec8) Importer(815301076,1909f56bfc062723c751e8b465ee728b)
Start importing Assets/Art/789_Lorc_RPG_icons/Icon.1_30.png using Guid(80263fe974ceccd4891870d2d6edaec8) Importer(815301076,1909f56bfc062723c751e8b465ee728b) (PreviewImporter) -> (artifact id: 'd33c88124839ac36ae1f0a2e0527ec94') in 0.0349972 seconds
Number of updated asset objects reloaded before import = 0Number of asset objects unloaded after import = 3

========================================================================
Received Import Request.
  Time since last request: 0.000026 seconds.
  path: Assets/Art/789_Lorc_RPG_icons/Icon.1_27.png
  artifactKey: Guid(f7ca25d0283483d49ac64d9d9325fd5b) Importer(815301076,1909f56bfc062723c751e8b465ee728b)
Start importing Assets/Art/789_Lorc_RPG_icons/Icon.1_27.png using Guid(f7ca25d0283483d49ac64d9d9325fd5b) Importer(815301076,1909f56bfc062723c751e8b465ee728b) (PreviewImporter) -> (artifact id: '5a4b79017f45194e91d07d36a10ad799') in 0.0185996 seconds
Number of updated asset objects reloaded before import = 0Number of asset objects unloaded after import = 3

========================================================================
Received Import Request.
  Time since last request: 0.000044 seconds.
  path: Assets/Art/789_Lorc_RPG_icons/Icon.1_25.png
  artifactKey: Guid(d69ad0517f39269448c2300ebcdbe87d) Importer(815301076,1909f56bfc062723c751e8b465ee728b)
Start importing Assets/Art/789_Lorc_RPG_icons/Icon.1_25.png using Guid(d69ad0517f39269448c2300ebcdbe87d) Importer(815301076,1909f56bfc062723c751e8b465ee728b) (PreviewImporter) -> (artifact id: '4ba50436ce52ac68f939ef9d9972da12') in 0.0221416 seconds
Number of updated asset objects reloaded before import = 0Number of asset objects unloaded after import = 3

========================================================================
Received Import Request.
  Time since last request: 0.456639 seconds.
  path: Assets/Art/789_Lorc_RPG_icons/Icon.1_33.png
  artifactKey: Guid(68280fe89376f854da25d368f7fff403) Importer(815301076,1909f56bfc062723c751e8b465ee728b)
Start importing Assets/Art/789_Lorc_RPG_icons/Icon.1_33.png using Guid(68280fe89376f854da25d368f7fff403) Importer(815301076,1909f56bfc062723c751e8b465ee728b) (PreviewImporter) -> (artifact id: '5471fc40a0e426a3327f95c4217ea6ef') in 0.0228245 seconds
Number of updated asset objects reloaded before import = 0Number of asset objects unloaded after import = 3

========================================================================
Received Import Request.
  Time since last request: 0.000023 seconds.
  path: Assets/Art/789_Lorc_RPG_icons/Icon.1_35.png
  artifactKey: Guid(f5e06a8f504af9f49bca667a935754dc) Importer(815301076,1909f56bfc062723c751e8b465ee728b)
Start importing Assets/Art/789_Lorc_RPG_icons/Icon.1_35.png using Guid(f5e06a8f504af9f49bca667a935754dc) Importer(815301076,1909f56bfc062723c751e8b465ee728b) (PreviewImporter) -> (artifact id: '1d89a908166f34fff68dc0780eaddc05') in 0.017649 seconds
Number of updated asset objects reloaded before import = 0Number of asset objects unloaded after import = 3

========================================================================
Received Import Request.
  Time since last request: 0.000032 seconds.
  path: Assets/Art/789_Lorc_RPG_icons/Icon.1_34.png
  artifactKey: Guid(c7e9c8bba027cb145b039369417a0ab4) Importer(815301076,1909f56bfc062723c751e8b465ee728b)
Start importing Assets/Art/789_Lorc_RPG_icons/Icon.1_34.png using Guid(c7e9c8bba027cb145b039369417a0ab4) Importer(815301076,1909f56bfc062723c751e8b465ee728b) (PreviewImporter) -> (artifact id: '50d379ea4e9824fa8e4e558b256d4997') in 0.0169274 seconds
Number of updated asset objects reloaded before import = 0Number of asset objects unloaded after import = 3

========================================================================
Received Import Request.
  Time since last request: 10.626900 seconds.
  path: Assets/Art/789_Lorc_RPG_icons/Icon.1_39.png
  artifactKey: Guid(4541802b8e1d2014db08d62f80b97516) Importer(815301076,1909f56bfc062723c751e8b465ee728b)
Start importing Assets/Art/789_Lorc_RPG_icons/Icon.1_39.png using Guid(4541802b8e1d2014db08d62f80b97516) Importer(815301076,1909f56bfc062723c751e8b465ee728b) (PreviewImporter) -> (artifact id: '4b28f827ca9f3817c0b7224aa98b99ff') in 0.0196362 seconds
Number of updated asset objects reloaded before import = 0Number of asset objects unloaded after import = 3

========================================================================
Received Import Request.
  Time since last request: 0.000029 seconds.
  path: Assets/Art/789_Lorc_RPG_icons/Icon.1_41.png
  artifactKey: Guid(84b16de06bad2a24b817d2d1403366d2) Importer(815301076,1909f56bfc062723c751e8b465ee728b)
Start importing Assets/Art/789_Lorc_RPG_icons/Icon.1_41.png using Guid(84b16de06bad2a24b817d2d1403366d2) Importer(815301076,1909f56bfc062723c751e8b465ee728b) (PreviewImporter) -> (artifact id: '04d6369f654e5bfb28cf9b6e6bbfdd11') in 0.0286321 seconds
Number of updated asset objects reloaded before import = 0Number of asset objects unloaded after import = 3

========================================================================
Received Import Request.
  Time since last request: 14.463484 seconds.
  path: Assets/Art/789_Lorc_RPG_icons/Icon.1_44.png
  artifactKey: Guid(e22471d27ebc4c6478098afd465119d5) Importer(815301076,1909f56bfc062723c751e8b465ee728b)
Start importing Assets/Art/789_Lorc_RPG_icons/Icon.1_44.png using Guid(e22471d27ebc4c6478098afd465119d5) Importer(815301076,1909f56bfc062723c751e8b465ee728b) (PreviewImporter) -> (artifact id: '5a698f697632a185cc5e3b01c154a81f') in 0.0199472 seconds
Number of updated asset objects reloaded before import = 0Number of asset objects unloaded after import = 3

========================================================================
Received Import Request.
  Time since last request: 0.000020 seconds.
  path: Assets/Art/789_Lorc_RPG_icons/Icon.1_47.png
  artifactKey: Guid(fa6f252a039ba3d4f9c5584c5f170b26) Importer(815301076,1909f56bfc062723c751e8b465ee728b)
Start importing Assets/Art/789_Lorc_RPG_icons/Icon.1_47.png using Guid(fa6f252a039ba3d4f9c5584c5f170b26) Importer(815301076,1909f56bfc062723c751e8b465ee728b) (PreviewImporter) -> (artifact id: '30d41f6b4b17823851321d3d942982dd') in 0.0224545 seconds
Number of updated asset objects reloaded before import = 0Number of asset objects unloaded after import = 3

========================================================================
Received Import Request.
  Time since last request: 0.000028 seconds.
  path: Assets/Art/789_Lorc_RPG_icons/Icon.1_50.png
  artifactKey: Guid(133e2e6757221104b962995d98e52e12) Importer(815301076,1909f56bfc062723c751e8b465ee728b)
Start importing Assets/Art/789_Lorc_RPG_icons/Icon.1_50.png using Guid(133e2e6757221104b962995d98e52e12) Importer(815301076,1909f56bfc062723c751e8b465ee728b) (PreviewImporter) -> (artifact id: '7cffef4e100ac35f1983cdf4de36e3b9') in 0.0280897 seconds
Number of updated asset objects reloaded before import = 0Number of asset objects unloaded after import = 3

========================================================================
Received Import Request.
  Time since last request: 0.781954 seconds.
  path: Assets/Art/789_Lorc_RPG_icons/Icon.1_54.png
  artifactKey: Guid(5dd0605531c293040b622e43bc9fd72c) Importer(815301076,1909f56bfc062723c751e8b465ee728b)
Start importing Assets/Art/789_Lorc_RPG_icons/Icon.1_54.png using Guid(5dd0605531c293040b622e43bc9fd72c) Importer(815301076,1909f56bfc062723c751e8b465ee728b) (PreviewImporter) -> (artifact id: '62545dbd5feefb91ad932aee8d79d3ec') in 0.0295496 seconds
Number of updated asset objects reloaded before import = 0Number of asset objects unloaded after import = 3

========================================================================
Received Import Request.
  Time since last request: 0.000018 seconds.
  path: Assets/Art/789_Lorc_RPG_icons/Icon.1_57.png
  artifactKey: Guid(5fe0c2f9bb89f5944b569cb46bd65eb5) Importer(815301076,1909f56bfc062723c751e8b465ee728b)
Start importing Assets/Art/789_Lorc_RPG_icons/Icon.1_57.png using Guid(5fe0c2f9bb89f5944b569cb46bd65eb5) Importer(815301076,1909f56bfc062723c751e8b465ee728b) (PreviewImporter) -> (artifact id: '1760cd202840040de848ca6eeae50af9') in 0.0193968 seconds
Number of updated asset objects reloaded before import = 0Number of asset objects unloaded after import = 3

========================================================================
Received Import Request.
  Time since last request: 0.000022 seconds.
  path: Assets/Art/789_Lorc_RPG_icons/Icon.1_59.png
  artifactKey: Guid(927de45bdc512b84a8ae7d8b7534c0de) Importer(815301076,1909f56bfc062723c751e8b465ee728b)
Start importing Assets/Art/789_Lorc_RPG_icons/Icon.1_59.png using Guid(927de45bdc512b84a8ae7d8b7534c0de) Importer(815301076,1909f56bfc062723c751e8b465ee728b) (PreviewImporter) -> (artifact id: 'e1ae9167eae040bdd8e5aadf9cfe3cf8') in 0.0180188 seconds
Number of updated asset objects reloaded before import = 0Number of asset objects unloaded after import = 3

========================================================================
Received Import Request.
  Time since last request: 7.803211 seconds.
  path: Assets/Art/789_Lorc_RPG_icons/Icon.1_64.png
  artifactKey: Guid(b0a94ba365adf03409958fd6c5aa7891) Importer(815301076,1909f56bfc062723c751e8b465ee728b)
Start importing Assets/Art/789_Lorc_RPG_icons/Icon.1_64.png using Guid(b0a94ba365adf03409958fd6c5aa7891) Importer(815301076,1909f56bfc062723c751e8b465ee728b) (PreviewImporter) -> (artifact id: 'b15a50e41042d5801905a70e582d7fbe') in 0.019795 seconds
Number of updated asset objects reloaded before import = 0Number of asset objects unloaded after import = 3

========================================================================
Received Import Request.
  Time since last request: 0.000021 seconds.
  path: Assets/Art/789_Lorc_RPG_icons/Icon.1_65.png
  artifactKey: Guid(537482496a4c0b34890c58fe1455d831) Importer(815301076,1909f56bfc062723c751e8b465ee728b)
Start importing Assets/Art/789_Lorc_RPG_icons/Icon.1_65.png using Guid(537482496a4c0b34890c58fe1455d831) Importer(815301076,1909f56bfc062723c751e8b465ee728b) (PreviewImporter) -> (artifact id: 'e9509927708e7ee6511e586c60afe98a') in 0.019805 seconds
Number of updated asset objects reloaded before import = 0Number of asset objects unloaded after import = 3

========================================================================
Received Import Request.
  Time since last request: 0.000019 seconds.
  path: Assets/Art/789_Lorc_RPG_icons/Icon.1_69.png
  artifactKey: Guid(8427e7a1a32ec0d4b99a736ef6eabcf5) Importer(815301076,1909f56bfc062723c751e8b465ee728b)
Start importing Assets/Art/789_Lorc_RPG_icons/Icon.1_69.png using Guid(8427e7a1a32ec0d4b99a736ef6eabcf5) Importer(815301076,1909f56bfc062723c751e8b465ee728b) (PreviewImporter) -> (artifact id: '531c26e36fd5d9f0b329075309084e74') in 0.0281947 seconds
Number of updated asset objects reloaded before import = 0Number of asset objects unloaded after import = 3

Editor requested this worker to shutdown with reason: Scaling down because of idle timeout
AssetImportWorker is now disconnected from the server
Process exiting
Exiting without the bug reporter. Application will terminate with return code 0