[Licensing::Module] Trying to connect to existing licensing client channel...
Built from '6000.3/staging' branch; Version is '6000.3.2f1 (a9779f353c9b) revision 11106207'; Using compiler version '194234433'; Build Type 'Release'
[Licensing::IpcConnector] Successfully connected to: "LicenseClient-LordDrakkon" at "2026-05-02T00:07:48.4868615Z"
OS: 'Windows 10  (10.0.19045) 64bit Professional' Language: 'pt' Physical Memory: 32638 MB
BatchMode: 1, IsHumanControllingUs: 0, StartBugReporterOnCrash: 0, Is64bit: 1
Date: 2026-05-02T00:07:48Z
[Licensing::Client] Code 10 while verifying Licensing Client signature (process Id: 11848, path: "C:/Program Files/Unity/Hub/Editor/6000.0.74f1/Editor/Data/Resources/Licensing/Client/Unity.Licensing.Client.exe")
[Licensing::Module] LicensingClient has failed validation; ignoring
[Licensing::Client] Handshaking with LicensingClient:
  Version:                 1.17.4+4293ba1
  Session Id:              6df29bf1c8ff4005a50a869c075adda3
  Correlation Id:          f8251fb812e9f482802027aa2824ed2a
  External correlation Id: 1837228051582678415
  Machine Id:              rz7OFoUSL7MgzTyJRWH9cIttXHE=
[Licensing::Module] Successfully connected to LicensingClient on channel: "LicenseClient-LordDrakkon" (connect: 0.00s, validation: 0.00s, handshake: 0.05s)
[Licensing::IpcConnector] Successfully connected to: "LicenseClient-LordDrakkon-notifications" at "2026-05-02T00:07:48.5397288Z"
[Licensing::Module] Licensing Background thread has ended after 0.05s

COMMAND LINE ARGUMENTS:
C:\Program Files\Unity\Hub\Editor\6000.3.2f1\Editor\Unity.exe
-adb2
-batchMode
-noUpm
-name
AssetImportWorker6
-projectPath
C:/Users/LordDrakkon/Documents/GitHub/Jogo/My project
-logFile
Logs/AssetImportWorker6.log
-srvPort
51762
-licensingIpc
LicenseClient-LordDrakkon
-job-worker-count
5
-background-job-worker-count
8
-gc-helper-count
1
-name
AssetImport
Successfully changed project path to: C:/Users/LordDrakkon/Documents/GitHub/Jogo/My project
C:/Users/LordDrakkon/Documents/GitHub/Jogo/My project
[UnityMemory] Configuration Parameters - Can be set up in boot.config
    "memorysetup-temp-allocator-size-nav-mesh-worker=65536"
    "memorysetup-temp-allocator-size-audio-worker=65536"
    "memorysetup-temp-allocator-size-gfx=262144"
    "memorysetup-allocator-temp-initial-block-size-main=262144"
    "memorysetup-allocator-temp-initial-block-size-worker=262144"
    "memorysetup-temp-allocator-size-background-worker=32768"
    "memorysetup-temp-allocator-size-job-worker=262144"
    "memorysetup-temp-allocator-size-preload-manager=33554432"
    "memorysetup-temp-allocator-size-gi-baking-worker=262144"
    "memorysetup-temp-allocator-size-gi-baking-worker=262144"
    "memorysetup-temp-allocator-size-gi-baking-worker=262144"
    "memorysetup-temp-allocator-size-gi-baking-worker=262144"
    "memorysetup-temp-allocator-size-gi-baking-worker=262144"
    "memorysetup-bucket-allocator-granularity=16"
    "memorysetup-bucket-allocator-bucket-count=8"
    "memorysetup-bucket-allocator-block-size=33554432"
    "memorysetup-bucket-allocator-block-count=8"
    "memorysetup-main-allocator-block-size=16777216"
    "memorysetup-thread-allocator-block-size=16777216"
    "memorysetup-gfx-main-allocator-block-size=16777216"
    "memorysetup-gfx-thread-allocator-block-size=16777216"
    "memorysetup-cache-allocator-block-size=4194304"
    "memorysetup-typetree-allocator-block-size=2097152"
    "memorysetup-profiler-bucket-allocator-granularity=16"
    "memorysetup-profiler-bucket-allocator-bucket-count=8"
    "memorysetup-profiler-bucket-allocator-block-size=33554432"
    "memorysetup-profiler-bucket-allocator-block-count=8"
    "memorysetup-profiler-allocator-block-size=16777216"
    "memorysetup-profiler-editor-allocator-block-size=1048576"
    "memorysetup-temp-allocator-size-main=16777216"
    "memorysetup-job-temp-allocator-block-size=2097152"
    "memorysetup-job-temp-allocator-block-size-background=1048576"
    "memorysetup-job-temp-allocator-reduction-small-platforms=262144"
    "memorysetup-temp-allocator-size-cloud-worker=32768"
Player connection [11640]  Target information:

Player connection [11640]  * "[IP] 192.168.1.103 [Port] 0 [Flags] 2 [Guid] 709758895 [EditorId] 709758895 [Version] 1048832 [Id] WindowsEditor(7,DESKTOP-V0Q8PJ4) [Debug] 1 [PackageName] WindowsEditor [ProjectName] Editor" 

Player connection [11640] Host joined multi-casting on [225.0.0.222:54997]...
Player connection [11640] Host joined alternative multi-casting on [225.0.0.222:34997]...
JobSystem: Creating JobQueue using job-worker-count value 5
Input System module state changed to: Initialized.
[Physics::Module] Initialized fallback backend.
[Physics::Module] Id: 0xdecafbad
Library Redirect Path: Library/
[Physics::Module] Selected backend.
[Physics::Module] Name: PhysX
[Physics::Module] Id: 0xf2b8ea05
[Physics::Module] SDK Version: 4.1.2
[Physics::Module] Integration Version: 1.0.0
[Physics::Module] Threading Mode: Multi-Threaded
Refreshing native plugins compatible for Editor in 4.75 ms, found 4 plugins.
Preloading 0 native plugins for Editor in 0.00 ms.
Initialize engine version: 6000.3.2f1 (a9779f353c9b)
[Subsystems] Discovering subsystems at path C:/Program Files/Unity/Hub/Editor/6000.3.2f1/Editor/Data/Resources/UnitySubsystems
[Subsystems] Discovering subsystems at path C:/Users/LordDrakkon/Documents/GitHub/Jogo/My project/Assets
GfxDevice: creating device client; kGfxThreadingModeNonThreaded
Direct3D:
    Version:  Direct3D 11.0 [level 11.1]
    Renderer: Radeon RX550/550 Series (ID=0x699f)
    Vendor:   ATI
    VRAM:     4075 MB
    Driver:   31.0.21923.1000
Initialize mono
Mono path[0] = 'C:/Program Files/Unity/Hub/Editor/6000.3.2f1/Editor/Data/Managed'
Mono path[1] = 'C:/Program Files/Unity/Hub/Editor/6000.3.2f1/Editor/Data/MonoBleedingEdge/lib/mono/unityjit-win32'
Mono config path = 'C:/Program Files/Unity/Hub/Editor/6000.3.2f1/Editor/Data/MonoBleedingEdge/etc'
Using monoOptions --debugger-agent=transport=dt_socket,embedding=1,server=y,suspend=n,address=127.0.0.1:56160
Begin MonoManager ReloadAssembly
Registering precompiled unity dll's ...
Register platform support module: C:/Program Files/Unity/Hub/Editor/6000.3.2f1/Editor/Data/PlaybackEngines/WebGLSupport/UnityEditor.WebGL.Extensions.dll
Register platform support module: C:/Program Files/Unity/Hub/Editor/6000.3.2f1/Editor/Data/PlaybackEngines/WindowsStandaloneSupport/UnityEditor.WindowsStandalone.Extensions.dll
Registered in 0.003655 seconds.
- Loaded All Assemblies, in  0.720 seconds
Native extension for WindowsStandalone target not found
Native extension for WebGL target not found
Mono: successfully reloaded assembly
- Finished resetting the current domain, in  0.603 seconds
Domain Reload Profiling: 1319ms
	BeginReloadAssembly (186ms)
		ExecutionOrderSort (0ms)
		DisableScriptedObjects (0ms)
		BackupInstance (0ms)
		ReleaseScriptingObjects (0ms)
		CreateAndSetChildDomain (1ms)
	RebuildCommonClasses (71ms)
	RebuildNativeTypeToScriptingClass (31ms)
	initialDomainReloadingComplete (124ms)
	LoadAllAssembliesAndSetupDomain (303ms)
		LoadAssemblies (182ms)
		RebuildTransferFunctionScriptingTraits (0ms)
		AnalyzeDomain (297ms)
			TypeCache.Refresh (296ms)
				TypeCache.ScanAssembly (277ms)
			BuildScriptInfoCaches (0ms)
			ResolveRequiredComponents (1ms)
	FinalizeReload (604ms)
		ReleaseScriptCaches (0ms)
		RebuildScriptCaches (0ms)
		SetupLoadedEditorAssemblies (538ms)
			LogAssemblyErrors (0ms)
			InitializePlatformSupportModulesInManaged (69ms)
			SetLoadedEditorAssemblies (5ms)
			BeforeProcessingInitializeOnLoad (122ms)
			ProcessInitializeOnLoadAttributes (234ms)
			ProcessInitializeOnLoadMethodAttributes (107ms)
			AfterProcessingInitializeOnLoad (0ms)
			EditorAssembliesLoaded (0ms)
		ExecutionOrderSort2 (0ms)
		AwakeInstancesAfterBackupRestoration (0ms)
========================================================================
Worker process is ready to serve import requests
Import Worker Mode flag is 0x00
Begin MonoManager ReloadAssembly
[Licensing::Client] Successfully resolved entitlement details
[Licensing::Module] License group:
  Id: 4674060662707-UnityPersXXXX
  Product: Unity Personal
  Type: Assigned
  Expiration: Unlimited
- Loaded All Assemblies, in  1.195 seconds
Refreshing native plugins compatible for Editor in 1.71 ms, found 4 plugins.
Native extension for WindowsStandalone target not found
Native extension for WebGL target not found
Package Manager log level set to [2]
[Package Manager] Failed to launch server process. Reason: Unity was launched with the -noUpm command-line argument
[Package Manager] Unable to send message (not connected to server process).
[Package Manager] Cannot connect to Unity Package Manager local server
Mono: successfully reloaded assembly
- Finished resetting the current domain, in  1.184 seconds
Domain Reload Profiling: 2373ms
	BeginReloadAssembly (250ms)
		ExecutionOrderSort (0ms)
		DisableScriptedObjects (8ms)
		BackupInstance (0ms)
		ReleaseScriptingObjects (0ms)
		CreateAndSetChildDomain (46ms)
	RebuildCommonClasses (51ms)
	RebuildNativeTypeToScriptingClass (19ms)
	initialDomainReloadingComplete (52ms)
	LoadAllAssembliesAndSetupDomain (817ms)
		LoadAssemblies (543ms)
		RebuildTransferFunctionScriptingTraits (0ms)
		AnalyzeDomain (410ms)
			TypeCache.Refresh (297ms)
				TypeCache.ScanAssembly (273ms)
			BuildScriptInfoCaches (92ms)
			ResolveRequiredComponents (17ms)
	FinalizeReload (1185ms)
		ReleaseScriptCaches (0ms)
		RebuildScriptCaches (0ms)
		SetupLoadedEditorAssemblies (974ms)
			LogAssemblyErrors (0ms)
			InitializePlatformSupportModulesInManaged (3ms)
			SetLoadedEditorAssemblies (5ms)
			BeforeProcessingInitializeOnLoad (223ms)
			ProcessInitializeOnLoadAttributes (535ms)
			ProcessInitializeOnLoadMethodAttributes (199ms)
			AfterProcessingInitializeOnLoad (9ms)
			EditorAssembliesLoaded (0ms)
		ExecutionOrderSort2 (0ms)
		AwakeInstancesAfterBackupRestoration (8ms)
Launched and connected shader compiler UnityShaderCompiler.exe after 0.01 seconds
Refreshing native plugins compatible for Editor in 1.78 ms, found 4 plugins.
Preloading 0 native plugins for Editor in 0.00 ms.
Unloading 16 Unused Serialized files (Serialized files now loaded: 0)
Unloading 6929 unused Assets / (4.9 MB). Loaded Objects now: 7747.
Memory consumption went from 156.6 MB to 151.7 MB.
Total: 12.574000 ms (FindLiveObjects: 1.064600 ms CreateObjectMapping: 1.511500 ms MarkObjects: 7.034800 ms  DeleteObjects: 2.961300 ms)

========================================================================
Received Import Request.
  Time since last request: 23000.461718 seconds.
  path: Assets/Art/789_Lorc_RPG_icons/Icon.1_38.png
  artifactKey: Guid(1f82734e41eca8e478841cd7952ffd2e) Importer(815301076,1909f56bfc062723c751e8b465ee728b)
Start importing Assets/Art/789_Lorc_RPG_icons/Icon.1_38.png using Guid(1f82734e41eca8e478841cd7952ffd2e) Importer(815301076,1909f56bfc062723c751e8b465ee728b) (PreviewImporter) -> (artifact id: '65316cd9efd002865f6b0150b00af2ef') in 0.1496973 seconds
Number of updated asset objects reloaded before import = 0Number of asset objects unloaded after import = 3

========================================================================
Received Import Request.
  Time since last request: 14.433845 seconds.
  path: Assets/Art/789_Lorc_RPG_icons/Icon.1_43.png
  artifactKey: Guid(621b68cab6100014484857118c4b914d) Importer(815301076,1909f56bfc062723c751e8b465ee728b)
Start importing Assets/Art/789_Lorc_RPG_icons/Icon.1_43.png using Guid(621b68cab6100014484857118c4b914d) Importer(815301076,1909f56bfc062723c751e8b465ee728b) (PreviewImporter) -> (artifact id: '1fd6b75103e0a1a5c2588f2646360b29') in 0.0187916 seconds
Number of updated asset objects reloaded before import = 0Number of asset objects unloaded after import = 3

========================================================================
Received Import Request.
  Time since last request: 0.000019 seconds.
  path: Assets/Art/789_Lorc_RPG_icons/Icon.1_46.png
  artifactKey: Guid(b5a9306dae77eca4aa885411f576c6ce) Importer(815301076,1909f56bfc062723c751e8b465ee728b)
Start importing Assets/Art/789_Lorc_RPG_icons/Icon.1_46.png using Guid(b5a9306dae77eca4aa885411f576c6ce) Importer(815301076,1909f56bfc062723c751e8b465ee728b) (PreviewImporter) -> (artifact id: '5704977cb637b291d9221eda025395e5') in 0.020821 seconds
Number of updated asset objects reloaded before import = 0Number of asset objects unloaded after import = 3

========================================================================
Received Import Request.
  Time since last request: 0.000028 seconds.
  path: Assets/Art/789_Lorc_RPG_icons/Icon.1_51.png
  artifactKey: Guid(5004017ed4edec643b62709afd428a3b) Importer(815301076,1909f56bfc062723c751e8b465ee728b)
Start importing Assets/Art/789_Lorc_RPG_icons/Icon.1_51.png using Guid(5004017ed4edec643b62709afd428a3b) Importer(815301076,1909f56bfc062723c751e8b465ee728b) (PreviewImporter) -> (artifact id: '131d6a1d83cbe1a8ac255443491aa873') in 0.0233803 seconds
Number of updated asset objects reloaded before import = 0Number of asset objects unloaded after import = 3

========================================================================
Received Import Request.
  Time since last request: 0.000031 seconds.
  path: Assets/Art/789_Lorc_RPG_icons/Icon.1_49.png
  artifactKey: Guid(2b138933d117dae48ba8bffc6537b89b) Importer(815301076,1909f56bfc062723c751e8b465ee728b)
Start importing Assets/Art/789_Lorc_RPG_icons/Icon.1_49.png using Guid(2b138933d117dae48ba8bffc6537b89b) Importer(815301076,1909f56bfc062723c751e8b465ee728b) (PreviewImporter) -> (artifact id: 'ec8fe1cf78e73ddbd6887ffe754f7495') in 0.0156422 seconds
Number of updated asset objects reloaded before import = 0Number of asset objects unloaded after import = 3

========================================================================
Received Import Request.
  Time since last request: 0.721075 seconds.
  path: Assets/Art/789_Lorc_RPG_icons/Icon.1_53.png
  artifactKey: Guid(a66e2de3dbf19f442982a03d3cfe3598) Importer(815301076,1909f56bfc062723c751e8b465ee728b)
Start importing Assets/Art/789_Lorc_RPG_icons/Icon.1_53.png using Guid(a66e2de3dbf19f442982a03d3cfe3598) Importer(815301076,1909f56bfc062723c751e8b465ee728b) (PreviewImporter) -> (artifact id: '5e0fbd7e5f71cd0850c8ee895b887693') in 0.0195497 seconds
Number of updated asset objects reloaded before import = 0Number of asset objects unloaded after import = 3

========================================================================
Received Import Request.
  Time since last request: 0.000027 seconds.
  path: Assets/Art/789_Lorc_RPG_icons/Icon.1_56.png
  artifactKey: Guid(0a2f66927eda8c641934e070c098fead) Importer(815301076,1909f56bfc062723c751e8b465ee728b)
Start importing Assets/Art/789_Lorc_RPG_icons/Icon.1_56.png using Guid(0a2f66927eda8c641934e070c098fead) Importer(815301076,1909f56bfc062723c751e8b465ee728b) (PreviewImporter) -> (artifact id: '3ed901b1cf92da8ebb3f431dba1064bf') in 0.0250747 seconds
Number of updated asset objects reloaded before import = 0Number of asset objects unloaded after import = 3

========================================================================
Received Import Request.
  Time since last request: 0.000030 seconds.
  path: Assets/Art/789_Lorc_RPG_icons/Icon.1_58.png
  artifactKey: Guid(a1977604a386fab45af044a8284c6611) Importer(815301076,1909f56bfc062723c751e8b465ee728b)
Start importing Assets/Art/789_Lorc_RPG_icons/Icon.1_58.png using Guid(a1977604a386fab45af044a8284c6611) Importer(815301076,1909f56bfc062723c751e8b465ee728b) (PreviewImporter) -> (artifact id: '9fad50e3f45c083b05382ff0101ceed9') in 0.0171032 seconds
Number of updated asset objects reloaded before import = 0Number of asset objects unloaded after import = 3

========================================================================
Received Import Request.
  Time since last request: 0.000023 seconds.
  path: Assets/Art/789_Lorc_RPG_icons/Icon.1_55.png
  artifactKey: Guid(4cb74c417be981944b5dfdfaad2d4695) Importer(815301076,1909f56bfc062723c751e8b465ee728b)
Start importing Assets/Art/789_Lorc_RPG_icons/Icon.1_55.png using Guid(4cb74c417be981944b5dfdfaad2d4695) Importer(815301076,1909f56bfc062723c751e8b465ee728b) (PreviewImporter) -> (artifact id: '1623c99445befcb18403c9e6f2db4130') in 0.0158373 seconds
Number of updated asset objects reloaded before import = 0Number of asset objects unloaded after import = 3

========================================================================
Received Import Request.
  Time since last request: 7.743858 seconds.
  path: Assets/Art/789_Lorc_RPG_icons/Icon.1_63.png
  artifactKey: Guid(0a9e2d19b5cd9954383e5d60297aba9f) Importer(815301076,1909f56bfc062723c751e8b465ee728b)
Start importing Assets/Art/789_Lorc_RPG_icons/Icon.1_63.png using Guid(0a9e2d19b5cd9954383e5d60297aba9f) Importer(815301076,1909f56bfc062723c751e8b465ee728b) (PreviewImporter) -> (artifact id: 'bfbcbcd0ad7b239b9c5a1582d33acf15') in 0.019896 seconds
Number of updated asset objects reloaded before import = 0Number of asset objects unloaded after import = 3

========================================================================
Received Import Request.
  Time since last request: 0.000021 seconds.
  path: Assets/Art/789_Lorc_RPG_icons/Icon.1_66.png
  artifactKey: Guid(7f144f822d7314f44b24d3960b979857) Importer(815301076,1909f56bfc062723c751e8b465ee728b)
Start importing Assets/Art/789_Lorc_RPG_icons/Icon.1_66.png using Guid(7f144f822d7314f44b24d3960b979857) Importer(815301076,1909f56bfc062723c751e8b465ee728b) (PreviewImporter) -> (artifact id: '6070e08d6277d5b25aab5f5b078ac7c2') in 0.0188671 seconds
Number of updated asset objects reloaded before import = 0Number of asset objects unloaded after import = 3

========================================================================
Received Import Request.
  Time since last request: 0.000038 seconds.
  path: Assets/Art/789_Lorc_RPG_icons/Icon.1_71.png
  artifactKey: Guid(82c8e54fefa28dd44a8287af5cc04529) Importer(815301076,1909f56bfc062723c751e8b465ee728b)
Start importing Assets/Art/789_Lorc_RPG_icons/Icon.1_71.png using Guid(82c8e54fefa28dd44a8287af5cc04529) Importer(815301076,1909f56bfc062723c751e8b465ee728b) (PreviewImporter) -> (artifact id: '2eed73a6f85f1727311294c8826ea4a7') in 0.0226728 seconds
Number of updated asset objects reloaded before import = 0Number of asset objects unloaded after import = 3

========================================================================
Received Import Request.
  Time since last request: 0.000017 seconds.
  path: Assets/Art/789_Lorc_RPG_icons/Icon.1_70.png
  artifactKey: Guid(7422237974b1b3349ac3f7af5c17d117) Importer(815301076,1909f56bfc062723c751e8b465ee728b)
Start importing Assets/Art/789_Lorc_RPG_icons/Icon.1_70.png using Guid(7422237974b1b3349ac3f7af5c17d117) Importer(815301076,1909f56bfc062723c751e8b465ee728b) (PreviewImporter) -> (artifact id: '938a20ada2744aed16fbbecb611bc60f') in 0.0193129 seconds
Number of updated asset objects reloaded before import = 0Number of asset objects unloaded after import = 3

========================================================================
Received Import Request.
  Time since last request: 587.921013 seconds.
  path: Assets/Art/789_Lorc_RPG_icons/Icon.1_73.png
  artifactKey: Guid(9aefbcbdc4d06cf44803408581b8809e) Importer(815301076,1909f56bfc062723c751e8b465ee728b)
Start importing Assets/Art/789_Lorc_RPG_icons/Icon.1_73.png using Guid(9aefbcbdc4d06cf44803408581b8809e) Importer(815301076,1909f56bfc062723c751e8b465ee728b) (PreviewImporter) -> (artifact id: '2674b207d6022cc42551b71394960b6b') in 0.0325592 seconds
Number of updated asset objects reloaded before import = 0Number of asset objects unloaded after import = 3

========================================================================
Received Import Request.
  Time since last request: 0.000024 seconds.
  path: Assets/Art/789_Lorc_RPG_icons/Icon.1_76.png
  artifactKey: Guid(e15ba35e7bb8dbb46a10860736f4e1f8) Importer(815301076,1909f56bfc062723c751e8b465ee728b)
Start importing Assets/Art/789_Lorc_RPG_icons/Icon.1_76.png using Guid(e15ba35e7bb8dbb46a10860736f4e1f8) Importer(815301076,1909f56bfc062723c751e8b465ee728b) (PreviewImporter) -> (artifact id: '68fc49436edb1c0e19d594e5bff243ea') in 0.0215383 seconds
Number of updated asset objects reloaded before import = 0Number of asset objects unloaded after import = 3

========================================================================
Received Import Request.
  Time since last request: 0.000034 seconds.
  path: Assets/Art/789_Lorc_RPG_icons/Icon.1_75.png
  artifactKey: Guid(aba88c3c13e2f3e4383452b674fd9120) Importer(815301076,1909f56bfc062723c751e8b465ee728b)
Start importing Assets/Art/789_Lorc_RPG_icons/Icon.1_75.png using Guid(aba88c3c13e2f3e4383452b674fd9120) Importer(815301076,1909f56bfc062723c751e8b465ee728b) (PreviewImporter) -> (artifact id: 'c82a645772985f1257747a3577e9e7aa') in 0.0228392 seconds
Number of updated asset objects reloaded before import = 0Number of asset objects unloaded after import = 3

========================================================================
Received Import Request.
  Time since last request: 0.293225 seconds.
  path: Assets/Art/789_Lorc_RPG_icons/Icon.1_78.png
  artifactKey: Guid(a3e044651e582fb4a9812ae772d82e36) Importer(815301076,1909f56bfc062723c751e8b465ee728b)
Start importing Assets/Art/789_Lorc_RPG_icons/Icon.1_78.png using Guid(a3e044651e582fb4a9812ae772d82e36) Importer(815301076,1909f56bfc062723c751e8b465ee728b) (PreviewImporter) -> (artifact id: '354e210484f75aa55eeba47e2c298567') in 0.0229952 seconds
Number of updated asset objects reloaded before import = 0Number of asset objects unloaded after import = 3

========================================================================
Received Import Request.
  Time since last request: 0.000025 seconds.
  path: Assets/Art/789_Lorc_RPG_icons/Icon.1_80.png
  artifactKey: Guid(7f0e5d53c0ede9f44a37ccee4bd975b0) Importer(815301076,1909f56bfc062723c751e8b465ee728b)
Start importing Assets/Art/789_Lorc_RPG_icons/Icon.1_80.png using Guid(7f0e5d53c0ede9f44a37ccee4bd975b0) Importer(815301076,1909f56bfc062723c751e8b465ee728b) (PreviewImporter) -> (artifact id: '778d065f69d75ba04041499b398da2b1') in 0.0425394 seconds
Number of updated asset objects reloaded before import = 0Number of asset objects unloaded after import = 3

========================================================================
Received Import Request.
  Time since last request: 0.000037 seconds.
  path: Assets/Art/789_Lorc_RPG_icons/Icon.1_81.png
  artifactKey: Guid(83b71c77c8a2516478ec9ced7dca62be) Importer(815301076,1909f56bfc062723c751e8b465ee728b)
Start importing Assets/Art/789_Lorc_RPG_icons/Icon.1_81.png using Guid(83b71c77c8a2516478ec9ced7dca62be) Importer(815301076,1909f56bfc062723c751e8b465ee728b) (PreviewImporter) -> (artifact id: 'ae84e232d94e6b5b866a45809444c737') in 0.0220429 seconds
Number of updated asset objects reloaded before import = 0Number of asset objects unloaded after import = 3

========================================================================
Received Import Request.
  Time since last request: 1.427050 seconds.
  path: Assets/Art/789_Lorc_RPG_icons/Icon.1_83.png
  artifactKey: Guid(5f9b25315a4df464db3e84b419f7d8b6) Importer(815301076,1909f56bfc062723c751e8b465ee728b)
Start importing Assets/Art/789_Lorc_RPG_icons/Icon.1_83.png using Guid(5f9b25315a4df464db3e84b419f7d8b6) Importer(815301076,1909f56bfc062723c751e8b465ee728b) (PreviewImporter) -> (artifact id: '108c7ce94d44995053c40d80baa589be') in 0.0221164 seconds
Number of updated asset objects reloaded before import = 0Number of asset objects unloaded after import = 3

========================================================================
Received Import Request.
  Time since last request: 0.000021 seconds.
  path: Assets/Art/789_Lorc_RPG_icons/Icon.1_84.png
  artifactKey: Guid(5d1fb76f26c9ab642b3755db5380120e) Importer(815301076,1909f56bfc062723c751e8b465ee728b)
Start importing Assets/Art/789_Lorc_RPG_icons/Icon.1_84.png using Guid(5d1fb76f26c9ab642b3755db5380120e) Importer(815301076,1909f56bfc062723c751e8b465ee728b) (PreviewImporter) -> (artifact id: '801dd4919a1a958f88aff9857213a33f') in 0.0252864 seconds
Number of updated asset objects reloaded before import = 0Number of asset objects unloaded after import = 3

========================================================================
Received Import Request.
  Time since last request: 0.317170 seconds.
  path: Assets/Art/789_Lorc_RPG_icons/Icon.1_88.png
  artifactKey: Guid(740d8d2bbb22cfa43894217d1c41a488) Importer(815301076,1909f56bfc062723c751e8b465ee728b)
Start importing Assets/Art/789_Lorc_RPG_icons/Icon.1_88.png using Guid(740d8d2bbb22cfa43894217d1c41a488) Importer(815301076,1909f56bfc062723c751e8b465ee728b) (PreviewImporter) -> (artifact id: 'e5bc8b4876fc721cb6b5b16007baaacd') in 0.0269083 seconds
Number of updated asset objects reloaded before import = 0Number of asset objects unloaded after import = 3

========================================================================
Received Import Request.
  Time since last request: 0.000018 seconds.
  path: Assets/Art/789_Lorc_RPG_icons/Icon.1_90.png
  artifactKey: Guid(ddbcf885e54869f43916b216a14b01d1) Importer(815301076,1909f56bfc062723c751e8b465ee728b)
Start importing Assets/Art/789_Lorc_RPG_icons/Icon.1_90.png using Guid(ddbcf885e54869f43916b216a14b01d1) Importer(815301076,1909f56bfc062723c751e8b465ee728b) (PreviewImporter) -> (artifact id: 'da84a6529c347eb6a5576c1a9825114a') in 0.0184693 seconds
Number of updated asset objects reloaded before import = 0Number of asset objects unloaded after import = 3

========================================================================
Received Import Request.
  Time since last request: 0.425129 seconds.
  path: Assets/Art/789_Lorc_RPG_icons/Icon.1_93.png
  artifactKey: Guid(4228be84bc78a7c4e8ef504f2ff25d82) Importer(815301076,1909f56bfc062723c751e8b465ee728b)
Start importing Assets/Art/789_Lorc_RPG_icons/Icon.1_93.png using Guid(4228be84bc78a7c4e8ef504f2ff25d82) Importer(815301076,1909f56bfc062723c751e8b465ee728b) (PreviewImporter) -> (artifact id: 'bdcfbe9141311366c256e6dc4bb03b8a') in 0.0174909 seconds
Number of updated asset objects reloaded before import = 0Number of asset objects unloaded after import = 3

========================================================================
Received Import Request.
  Time since last request: 0.000019 seconds.
  path: Assets/Art/789_Lorc_RPG_icons/Icon.1_95.png
  artifactKey: Guid(58e742757c8e16b4186b03bad4532948) Importer(815301076,1909f56bfc062723c751e8b465ee728b)
Start importing Assets/Art/789_Lorc_RPG_icons/Icon.1_95.png using Guid(58e742757c8e16b4186b03bad4532948) Importer(815301076,1909f56bfc062723c751e8b465ee728b) (PreviewImporter) -> (artifact id: 'a71571ed53dde9d81bd3e1a42c750058') in 0.0165555 seconds
Number of updated asset objects reloaded before import = 0Number of asset objects unloaded after import = 3

========================================================================
Received Import Request.
  Time since last request: 0.956436 seconds.
  path: Assets/Art/789_Lorc_RPG_icons/Icon.1_98.png
  artifactKey: Guid(f3e76a816e64bbb419ea9f4cbafbd67c) Importer(815301076,1909f56bfc062723c751e8b465ee728b)
Start importing Assets/Art/789_Lorc_RPG_icons/Icon.1_98.png using Guid(f3e76a816e64bbb419ea9f4cbafbd67c) Importer(815301076,1909f56bfc062723c751e8b465ee728b) (PreviewImporter) -> (artifact id: 'dc1cc2511e13348ceb4e85b580186f1b') in 0.0212885 seconds
Number of updated asset objects reloaded before import = 0Number of asset objects unloaded after import = 3

========================================================================
Received Import Request.
  Time since last request: 0.000021 seconds.
  path: Assets/Art/789_Lorc_RPG_icons/Icon.2_01.png
  artifactKey: Guid(55868dec4b609c14a81aded8c98ac721) Importer(815301076,1909f56bfc062723c751e8b465ee728b)
Start importing Assets/Art/789_Lorc_RPG_icons/Icon.2_01.png using Guid(55868dec4b609c14a81aded8c98ac721) Importer(815301076,1909f56bfc062723c751e8b465ee728b) (PreviewImporter) -> (artifact id: 'ecd4946288f2d6abd42920a9f2133fde') in 0.0182703 seconds
Number of updated asset objects reloaded before import = 0Number of asset objects unloaded after import = 3

========================================================================
Received Import Request.
  Time since last request: 0.000024 seconds.
  path: Assets/Art/789_Lorc_RPG_icons/Icon.2_06.png
  artifactKey: Guid(f6357656793744c4aadc40b89c415f3d) Importer(815301076,1909f56bfc062723c751e8b465ee728b)
Start importing Assets/Art/789_Lorc_RPG_icons/Icon.2_06.png using Guid(f6357656793744c4aadc40b89c415f3d) Importer(815301076,1909f56bfc062723c751e8b465ee728b) (PreviewImporter) -> (artifact id: '37dbf21c302567858b31f5ab1cfb82db') in 0.0185819 seconds
Number of updated asset objects reloaded before import = 0Number of asset objects unloaded after import = 3

========================================================================
Received Import Request.
  Time since last request: 0.000031 seconds.
  path: Assets/Art/789_Lorc_RPG_icons/Icon.2_05.png
  artifactKey: Guid(e22bce539f23baa4480360354ba93e1f) Importer(815301076,1909f56bfc062723c751e8b465ee728b)
Start importing Assets/Art/789_Lorc_RPG_icons/Icon.2_05.png using Guid(e22bce539f23baa4480360354ba93e1f) Importer(815301076,1909f56bfc062723c751e8b465ee728b) (PreviewImporter) -> (artifact id: '4b9713845c98a10e50400e27cc433a1d') in 0.026077 seconds
Number of updated asset objects reloaded before import = 0Number of asset objects unloaded after import = 3

========================================================================
Received Import Request.
  Time since last request: 0.000028 seconds.
  path: Assets/Art/789_Lorc_RPG_icons/Icon.2_02.png
  artifactKey: Guid(47b22c8145e9dca48be432cd29ad0ff9) Importer(815301076,1909f56bfc062723c751e8b465ee728b)
Start importing Assets/Art/789_Lorc_RPG_icons/Icon.2_02.png using Guid(47b22c8145e9dca48be432cd29ad0ff9) Importer(815301076,1909f56bfc062723c751e8b465ee728b) (PreviewImporter) -> (artifact id: 'c88c5b6a47912c863bb9edb164600ba4') in 0.0273449 seconds
Number of updated asset objects reloaded before import = 0Number of asset objects unloaded after import = 3

========================================================================
Received Import Request.
  Time since last request: 0.677330 seconds.
  path: Assets/Art/789_Lorc_RPG_icons/Icon.2_08.png
  artifactKey: Guid(162cfab99411df64abbdab69c60dc4b4) Importer(815301076,1909f56bfc062723c751e8b465ee728b)
Start importing Assets/Art/789_Lorc_RPG_icons/Icon.2_08.png using Guid(162cfab99411df64abbdab69c60dc4b4) Importer(815301076,1909f56bfc062723c751e8b465ee728b) (PreviewImporter) -> (artifact id: '000261ca931a5e721b63075fa6b2e013') in 0.0251634 seconds
Number of updated asset objects reloaded before import = 0Number of asset objects unloaded after import = 3

========================================================================
Received Import Request.
  Time since last request: 0.000021 seconds.
  path: Assets/Art/789_Lorc_RPG_icons/Icon.2_11.png
  artifactKey: Guid(014a9bab64d29774bafa0f64e274e687) Importer(815301076,1909f56bfc062723c751e8b465ee728b)
Start importing Assets/Art/789_Lorc_RPG_icons/Icon.2_11.png using Guid(014a9bab64d29774bafa0f64e274e687) Importer(815301076,1909f56bfc062723c751e8b465ee728b) (PreviewImporter) -> (artifact id: '5441542237651a71f6d27116e230f74d') in 0.0242737 seconds
Number of updated asset objects reloaded before import = 0Number of asset objects unloaded after import = 3

========================================================================
Received Import Request.
  Time since last request: 0.430522 seconds.
  path: Assets/Art/789_Lorc_RPG_icons/Icon.2_13.png
  artifactKey: Guid(4cbaf130b414b2c4382b9f4b3e12e9eb) Importer(815301076,1909f56bfc062723c751e8b465ee728b)
Start importing Assets/Art/789_Lorc_RPG_icons/Icon.2_13.png using Guid(4cbaf130b414b2c4382b9f4b3e12e9eb) Importer(815301076,1909f56bfc062723c751e8b465ee728b) (PreviewImporter) -> (artifact id: 'f7d526c9b500a333b03ae0e782b7d74b') in 0.0197381 seconds
Number of updated asset objects reloaded before import = 0Number of asset objects unloaded after import = 3

Editor requested this worker to shutdown with reason: Scaling down because of idle timeout
AssetImportWorker is now disconnected from the server
Process exiting
Exiting without the bug reporter. Application will terminate with return code 0