[Licensing::Module] Trying to connect to existing licensing client channel...
Built from '6000.3/staging' branch; Version is '6000.3.2f1 (a9779f353c9b) revision 11106207'; Using compiler version '194234433'; Build Type 'Release'
[Licensing::IpcConnector] Successfully connected to: "LicenseClient-LordDrakkon" at "2026-05-02T00:18:12.9544736Z"
OS: 'Windows 10  (10.0.19045) 64bit Professional' Language: 'pt' Physical Memory: 32638 MB
BatchMode: 1, IsHumanControllingUs: 0, StartBugReporterOnCrash: 0, Is64bit: 1
Date: 2026-05-02T00:18:12Z
[Licensing::Client] Code 10 while verifying Licensing Client signature (process Id: 11848, path: "C:/Program Files/Unity/Hub/Editor/6000.0.74f1/Editor/Data/Resources/Licensing/Client/Unity.Licensing.Client.exe")
[Licensing::Module] LicensingClient has failed validation; ignoring
[Licensing::Client] Handshaking with LicensingClient:
  Version:                 1.17.4+4293ba1
  Session Id:              e134d840848f4a8aba946eb908a58846
  Correlation Id:          f8251fb812e9f482802027aa2824ed2a
  External correlation Id: 3359438564779830677
  Machine Id:              rz7OFoUSL7MgzTyJRWH9cIttXHE=
[Licensing::Module] Successfully connected to LicensingClient on channel: "LicenseClient-LordDrakkon" (connect: 0.00s, validation: 0.00s, handshake: 0.05s)
[Licensing::IpcConnector] Successfully connected to: "LicenseClient-LordDrakkon-notifications" at "2026-05-02T00:18:13.0076037Z"
[Licensing::Module] Licensing Background thread has ended after 0.05s

COMMAND LINE ARGUMENTS:
C:\Program Files\Unity\Hub\Editor\6000.3.2f1\Editor\Unity.exe
-adb2
-batchMode
-noUpm
-name
AssetImportWorker7
-projectPath
C:/Users/LordDrakkon/Documents/GitHub/Jogo/My project
-logFile
Logs/AssetImportWorker7.log
-srvPort
51762
-licensingIpc
LicenseClient-LordDrakkon
-job-worker-count
5
-background-job-worker-count
8
-gc-helper-count
1
-name
AssetImport
Successfully changed project path to: C:/Users/LordDrakkon/Documents/GitHub/Jogo/My project
C:/Users/LordDrakkon/Documents/GitHub/Jogo/My project
[UnityMemory] Configuration Parameters - Can be set up in boot.config
    "memorysetup-temp-allocator-size-nav-mesh-worker=65536"
    "memorysetup-temp-allocator-size-audio-worker=65536"
    "memorysetup-temp-allocator-size-gfx=262144"
    "memorysetup-allocator-temp-initial-block-size-main=262144"
    "memorysetup-allocator-temp-initial-block-size-worker=262144"
    "memorysetup-temp-allocator-size-background-worker=32768"
    "memorysetup-temp-allocator-size-job-worker=262144"
    "memorysetup-temp-allocator-size-preload-manager=33554432"
    "memorysetup-temp-allocator-size-gi-baking-worker=262144"
    "memorysetup-temp-allocator-size-gi-baking-worker=262144"
    "memorysetup-temp-allocator-size-gi-baking-worker=262144"
    "memorysetup-temp-allocator-size-gi-baking-worker=262144"
    "memorysetup-temp-allocator-size-gi-baking-worker=262144"
    "memorysetup-bucket-allocator-granularity=16"
    "memorysetup-bucket-allocator-bucket-count=8"
    "memorysetup-bucket-allocator-block-size=33554432"
    "memorysetup-bucket-allocator-block-count=8"
    "memorysetup-main-allocator-block-size=16777216"
    "memorysetup-thread-allocator-block-size=16777216"
    "memorysetup-gfx-main-allocator-block-size=16777216"
    "memorysetup-gfx-thread-allocator-block-size=16777216"
    "memorysetup-cache-allocator-block-size=4194304"
    "memorysetup-typetree-allocator-block-size=2097152"
    "memorysetup-profiler-bucket-allocator-granularity=16"
    "memorysetup-profiler-bucket-allocator-bucket-count=8"
    "memorysetup-profiler-bucket-allocator-block-size=33554432"
    "memorysetup-profiler-bucket-allocator-block-count=8"
    "memorysetup-profiler-allocator-block-size=16777216"
    "memorysetup-profiler-editor-allocator-block-size=1048576"
    "memorysetup-temp-allocator-size-main=16777216"
    "memorysetup-job-temp-allocator-block-size=2097152"
    "memorysetup-job-temp-allocator-block-size-background=1048576"
    "memorysetup-job-temp-allocator-reduction-small-platforms=262144"
    "memorysetup-temp-allocator-size-cloud-worker=32768"
Player connection [24228]  Target information:

Player connection [24228]  * "[IP] 192.168.1.103 [Port] 0 [Flags] 2 [Guid] 1293392659 [EditorId] 1293392659 [Version] 1048832 [Id] WindowsEditor(7,DESKTOP-V0Q8PJ4) [Debug] 1 [PackageName] WindowsEditor [ProjectName] Editor" 

Player connection [24228] Host joined multi-casting on [225.0.0.222:54997]...
Player connection [24228] Host joined alternative multi-casting on [225.0.0.222:34997]...
JobSystem: Creating JobQueue using job-worker-count value 5
Input System module state changed to: Initialized.
[Physics::Module] Initialized fallback backend.
[Physics::Module] Id: 0xdecafbad
Library Redirect Path: Library/
[Physics::Module] Selected backend.
[Physics::Module] Name: PhysX
[Physics::Module] Id: 0xf2b8ea05
[Physics::Module] SDK Version: 4.1.2
[Physics::Module] Integration Version: 1.0.0
[Physics::Module] Threading Mode: Multi-Threaded
Refreshing native plugins compatible for Editor in 3.67 ms, found 4 plugins.
Preloading 0 native plugins for Editor in 0.00 ms.
Initialize engine version: 6000.3.2f1 (a9779f353c9b)
[Subsystems] Discovering subsystems at path C:/Program Files/Unity/Hub/Editor/6000.3.2f1/Editor/Data/Resources/UnitySubsystems
[Subsystems] Discovering subsystems at path C:/Users/LordDrakkon/Documents/GitHub/Jogo/My project/Assets
GfxDevice: creating device client; kGfxThreadingModeNonThreaded
Direct3D:
    Version:  Direct3D 11.0 [level 11.1]
    Renderer: Radeon RX550/550 Series (ID=0x699f)
    Vendor:   ATI
    VRAM:     4075 MB
    Driver:   31.0.21923.1000
Initialize mono
Mono path[0] = 'C:/Program Files/Unity/Hub/Editor/6000.3.2f1/Editor/Data/Managed'
Mono path[1] = 'C:/Program Files/Unity/Hub/Editor/6000.3.2f1/Editor/Data/MonoBleedingEdge/lib/mono/unityjit-win32'
Mono config path = 'C:/Program Files/Unity/Hub/Editor/6000.3.2f1/Editor/Data/MonoBleedingEdge/etc'
Using monoOptions --debugger-agent=transport=dt_socket,embedding=1,server=y,suspend=n,address=127.0.0.1:56240
Begin MonoManager ReloadAssembly
Registering precompiled unity dll's ...
Register platform support module: C:/Program Files/Unity/Hub/Editor/6000.3.2f1/Editor/Data/PlaybackEngines/WebGLSupport/UnityEditor.WebGL.Extensions.dll
Register platform support module: C:/Program Files/Unity/Hub/Editor/6000.3.2f1/Editor/Data/PlaybackEngines/WindowsStandaloneSupport/UnityEditor.WindowsStandalone.Extensions.dll
Registered in 0.002748 seconds.
- Loaded All Assemblies, in  0.623 seconds
Native extension for WindowsStandalone target not found
Native extension for WebGL target not found
Mono: successfully reloaded assembly
- Finished resetting the current domain, in  0.588 seconds
Domain Reload Profiling: 1208ms
	BeginReloadAssembly (249ms)
		ExecutionOrderSort (0ms)
		DisableScriptedObjects (0ms)
		BackupInstance (0ms)
		ReleaseScriptingObjects (0ms)
		CreateAndSetChildDomain (3ms)
	RebuildCommonClasses (51ms)
	RebuildNativeTypeToScriptingClass (20ms)
	initialDomainReloadingComplete (64ms)
	LoadAllAssembliesAndSetupDomain (236ms)
		LoadAssemblies (242ms)
		RebuildTransferFunctionScriptingTraits (0ms)
		AnalyzeDomain (232ms)
			TypeCache.Refresh (231ms)
				TypeCache.ScanAssembly (213ms)
			BuildScriptInfoCaches (0ms)
			ResolveRequiredComponents (1ms)
	FinalizeReload (589ms)
		ReleaseScriptCaches (0ms)
		RebuildScriptCaches (0ms)
		SetupLoadedEditorAssemblies (523ms)
			LogAssemblyErrors (0ms)
			InitializePlatformSupportModulesInManaged (69ms)
			SetLoadedEditorAssemblies (5ms)
			BeforeProcessingInitializeOnLoad (124ms)
			ProcessInitializeOnLoadAttributes (214ms)
			ProcessInitializeOnLoadMethodAttributes (111ms)
			AfterProcessingInitializeOnLoad (0ms)
			EditorAssembliesLoaded (0ms)
		ExecutionOrderSort2 (0ms)
		AwakeInstancesAfterBackupRestoration (0ms)
========================================================================
Worker process is ready to serve import requests
Import Worker Mode flag is 0x00
Begin MonoManager ReloadAssembly
[Licensing::Client] Successfully resolved entitlement details
[Licensing::Module] License group:
  Id: 4674060662707-UnityPersXXXX
  Product: Unity Personal
  Type: Assigned
  Expiration: Unlimited
- Loaded All Assemblies, in  1.230 seconds
Refreshing native plugins compatible for Editor in 1.69 ms, found 4 plugins.
Native extension for WindowsStandalone target not found
Native extension for WebGL target not found
Package Manager log level set to [2]
[Package Manager] Failed to launch server process. Reason: Unity was launched with the -noUpm command-line argument
[Package Manager] Unable to send message (not connected to server process).
[Package Manager] Cannot connect to Unity Package Manager local server
Mono: successfully reloaded assembly
- Finished resetting the current domain, in  1.173 seconds
Domain Reload Profiling: 2396ms
	BeginReloadAssembly (280ms)
		ExecutionOrderSort (0ms)
		DisableScriptedObjects (17ms)
		BackupInstance (0ms)
		ReleaseScriptingObjects (0ms)
		CreateAndSetChildDomain (50ms)
	RebuildCommonClasses (53ms)
	RebuildNativeTypeToScriptingClass (20ms)
	initialDomainReloadingComplete (51ms)
	LoadAllAssembliesAndSetupDomain (820ms)
		LoadAssemblies (551ms)
		RebuildTransferFunctionScriptingTraits (0ms)
		AnalyzeDomain (409ms)
			TypeCache.Refresh (280ms)
				TypeCache.ScanAssembly (261ms)
			BuildScriptInfoCaches (103ms)
			ResolveRequiredComponents (21ms)
	FinalizeReload (1174ms)
		ReleaseScriptCaches (0ms)
		RebuildScriptCaches (0ms)
		SetupLoadedEditorAssemblies (985ms)
			LogAssemblyErrors (0ms)
			InitializePlatformSupportModulesInManaged (3ms)
			SetLoadedEditorAssemblies (5ms)
			BeforeProcessingInitializeOnLoad (217ms)
			ProcessInitializeOnLoadAttributes (598ms)
			ProcessInitializeOnLoadMethodAttributes (153ms)
			AfterProcessingInitializeOnLoad (9ms)
			EditorAssembliesLoaded (0ms)
		ExecutionOrderSort2 (0ms)
		AwakeInstancesAfterBackupRestoration (8ms)
Launched and connected shader compiler UnityShaderCompiler.exe after 0.01 seconds
Refreshing native plugins compatible for Editor in 2.21 ms, found 4 plugins.
Preloading 0 native plugins for Editor in 0.00 ms.
Unloading 16 Unused Serialized files (Serialized files now loaded: 0)
Unloading 6929 unused Assets / (4.7 MB). Loaded Objects now: 7747.
Memory consumption went from 156.8 MB to 152.1 MB.
Total: 18.317400 ms (FindLiveObjects: 1.098600 ms CreateObjectMapping: 1.960500 ms MarkObjects: 11.084200 ms  DeleteObjects: 4.172600 ms)

========================================================================
Received Import Request.
  Time since last request: 23617.893009 seconds.
  path: Assets/Art/789_Lorc_RPG_icons/Icon.2_10.png
  artifactKey: Guid(59b350d43c27e2842bfd83b78a27f2a5) Importer(815301076,1909f56bfc062723c751e8b465ee728b)
Start importing Assets/Art/789_Lorc_RPG_icons/Icon.2_10.png using Guid(59b350d43c27e2842bfd83b78a27f2a5) Importer(815301076,1909f56bfc062723c751e8b465ee728b) (PreviewImporter) -> (artifact id: '8567dbd3e5d4387053d6c9626df1ea76') in 0.1323486 seconds
Number of updated asset objects reloaded before import = 0Number of asset objects unloaded after import = 3

========================================================================
Received Import Request.
  Time since last request: 0.377326 seconds.
  path: Assets/Art/789_Lorc_RPG_icons/Icon.2_14.png
  artifactKey: Guid(41fb2f0d69ba84c4f978bbf2aef90af9) Importer(815301076,1909f56bfc062723c751e8b465ee728b)
Start importing Assets/Art/789_Lorc_RPG_icons/Icon.2_14.png using Guid(41fb2f0d69ba84c4f978bbf2aef90af9) Importer(815301076,1909f56bfc062723c751e8b465ee728b) (PreviewImporter) -> (artifact id: '3f2b15a2929b4914013b39c8ef698952') in 0.0170363 seconds
Number of updated asset objects reloaded before import = 0Number of asset objects unloaded after import = 3

========================================================================
Received Import Request.
  Time since last request: 0.000022 seconds.
  path: Assets/Art/789_Lorc_RPG_icons/Icon.2_16.png
  artifactKey: Guid(8508c52c69f265e4abc2fd31a66eaa5a) Importer(815301076,1909f56bfc062723c751e8b465ee728b)
Start importing Assets/Art/789_Lorc_RPG_icons/Icon.2_16.png using Guid(8508c52c69f265e4abc2fd31a66eaa5a) Importer(815301076,1909f56bfc062723c751e8b465ee728b) (PreviewImporter) -> (artifact id: '25b7789ac24ffeb9b9fc6f7bea036b2d') in 0.0175692 seconds
Number of updated asset objects reloaded before import = 0Number of asset objects unloaded after import = 3

========================================================================
Received Import Request.
  Time since last request: 73.991034 seconds.
  path: Assets/Art/789_Lorc_RPG_icons/Icon.2_18.png
  artifactKey: Guid(016ae68f80027354e98795efb1172e03) Importer(815301076,1909f56bfc062723c751e8b465ee728b)
Start importing Assets/Art/789_Lorc_RPG_icons/Icon.2_18.png using Guid(016ae68f80027354e98795efb1172e03) Importer(815301076,1909f56bfc062723c751e8b465ee728b) (PreviewImporter) -> (artifact id: '336b72acae726c9b17bbe5af89965f55') in 0.068649 seconds
Number of updated asset objects reloaded before import = 0Number of asset objects unloaded after import = 3

========================================================================
Received Import Request.
  Time since last request: 0.000024 seconds.
  path: Assets/Art/789_Lorc_RPG_icons/Icon.2_21.png
  artifactKey: Guid(e3c0a0110e68a3646911768842125ddd) Importer(815301076,1909f56bfc062723c751e8b465ee728b)
Start importing Assets/Art/789_Lorc_RPG_icons/Icon.2_21.png using Guid(e3c0a0110e68a3646911768842125ddd) Importer(815301076,1909f56bfc062723c751e8b465ee728b) (PreviewImporter) -> (artifact id: 'f0ddeca72cfeb14764acba061665c6fd') in 0.0201384 seconds
Number of updated asset objects reloaded before import = 0Number of asset objects unloaded after import = 3

========================================================================
Received Import Request.
  Time since last request: 0.000046 seconds.
  path: Assets/Art/789_Lorc_RPG_icons/Icon.2_19.png
  artifactKey: Guid(9066a67061c77a4418eb0fc0d906ed3e) Importer(815301076,1909f56bfc062723c751e8b465ee728b)
Start importing Assets/Art/789_Lorc_RPG_icons/Icon.2_19.png using Guid(9066a67061c77a4418eb0fc0d906ed3e) Importer(815301076,1909f56bfc062723c751e8b465ee728b) (PreviewImporter) -> (artifact id: 'd2407cfadf56b9f92c3627901fe19e73') in 0.0228799 seconds
Number of updated asset objects reloaded before import = 0Number of asset objects unloaded after import = 3

========================================================================
Received Import Request.
  Time since last request: 0.821585 seconds.
  path: Assets/Art/789_Lorc_RPG_icons/Icon.2_23.png
  artifactKey: Guid(c680ce7c4f727b448b2ac05caaa0f194) Importer(815301076,1909f56bfc062723c751e8b465ee728b)
Start importing Assets/Art/789_Lorc_RPG_icons/Icon.2_23.png using Guid(c680ce7c4f727b448b2ac05caaa0f194) Importer(815301076,1909f56bfc062723c751e8b465ee728b) (PreviewImporter) -> (artifact id: '808f539eb79b56515377066aa73415e2') in 0.0195123 seconds
Number of updated asset objects reloaded before import = 0Number of asset objects unloaded after import = 3

========================================================================
Received Import Request.
  Time since last request: 0.000020 seconds.
  path: Assets/Art/789_Lorc_RPG_icons/Icon.2_25.png
  artifactKey: Guid(73b1ad01f3b33c44bb6e1d6f9bd3f082) Importer(815301076,1909f56bfc062723c751e8b465ee728b)
Start importing Assets/Art/789_Lorc_RPG_icons/Icon.2_25.png using Guid(73b1ad01f3b33c44bb6e1d6f9bd3f082) Importer(815301076,1909f56bfc062723c751e8b465ee728b) (PreviewImporter) -> (artifact id: '3e617230065a2767d6c0a01f81bc4c8b') in 0.0189413 seconds
Number of updated asset objects reloaded before import = 0Number of asset objects unloaded after import = 3

========================================================================
Received Import Request.
  Time since last request: 0.000020 seconds.
  path: Assets/Art/789_Lorc_RPG_icons/Icon.2_26.png
  artifactKey: Guid(d5843027bd8dca34280abd5857ae269b) Importer(815301076,1909f56bfc062723c751e8b465ee728b)
Start importing Assets/Art/789_Lorc_RPG_icons/Icon.2_26.png using Guid(d5843027bd8dca34280abd5857ae269b) Importer(815301076,1909f56bfc062723c751e8b465ee728b) (PreviewImporter) -> (artifact id: '0dd3a190a290b1c1f518e6fb04536afa') in 0.0174421 seconds
Number of updated asset objects reloaded before import = 0Number of asset objects unloaded after import = 3

========================================================================
Received Import Request.
  Time since last request: 0.909436 seconds.
  path: Assets/Art/789_Lorc_RPG_icons/Icon.2_28.png
  artifactKey: Guid(9f0c8257964bc794696c1d9b4961ff60) Importer(815301076,1909f56bfc062723c751e8b465ee728b)
Start importing Assets/Art/789_Lorc_RPG_icons/Icon.2_28.png using Guid(9f0c8257964bc794696c1d9b4961ff60) Importer(815301076,1909f56bfc062723c751e8b465ee728b) (PreviewImporter) -> (artifact id: 'fa3b3285f139fb7d920f5bf226afe7b6') in 0.0308479 seconds
Number of updated asset objects reloaded before import = 0Number of asset objects unloaded after import = 3

========================================================================
Received Import Request.
  Time since last request: 0.000028 seconds.
  path: Assets/Art/789_Lorc_RPG_icons/Icon.2_30.png
  artifactKey: Guid(ec0964a5546beb24eb3b4bdd6cc92bcc) Importer(815301076,1909f56bfc062723c751e8b465ee728b)
Start importing Assets/Art/789_Lorc_RPG_icons/Icon.2_30.png using Guid(ec0964a5546beb24eb3b4bdd6cc92bcc) Importer(815301076,1909f56bfc062723c751e8b465ee728b) (PreviewImporter) -> (artifact id: 'c63d34854727032bf25600591e14e105') in 0.0293527 seconds
Number of updated asset objects reloaded before import = 0Number of asset objects unloaded after import = 3

========================================================================
Received Import Request.
  Time since last request: 0.000024 seconds.
  path: Assets/Art/789_Lorc_RPG_icons/Icon.2_35.png
  artifactKey: Guid(716becea645090447a2e2194a634c4c8) Importer(815301076,1909f56bfc062723c751e8b465ee728b)
Start importing Assets/Art/789_Lorc_RPG_icons/Icon.2_35.png using Guid(716becea645090447a2e2194a634c4c8) Importer(815301076,1909f56bfc062723c751e8b465ee728b) (PreviewImporter) -> (artifact id: 'e8f7e8dd0e1f76a89ea55aadfacfefee') in 0.019248 seconds
Number of updated asset objects reloaded before import = 0Number of asset objects unloaded after import = 3

========================================================================
Received Import Request.
  Time since last request: 0.000034 seconds.
  path: Assets/Art/789_Lorc_RPG_icons/Icon.2_33.png
  artifactKey: Guid(bb76e7d762446e74397094b9ce0cdeb6) Importer(815301076,1909f56bfc062723c751e8b465ee728b)
Start importing Assets/Art/789_Lorc_RPG_icons/Icon.2_33.png using Guid(bb76e7d762446e74397094b9ce0cdeb6) Importer(815301076,1909f56bfc062723c751e8b465ee728b) (PreviewImporter) -> (artifact id: '369f970e433efdc98baf72351e716602') in 0.021454 seconds
Number of updated asset objects reloaded before import = 0Number of asset objects unloaded after import = 3

========================================================================
Received Import Request.
  Time since last request: 0.000021 seconds.
  path: Assets/Art/789_Lorc_RPG_icons/Icon.2_36.png
  artifactKey: Guid(916bbcc6b52d73d4191c68312cfc0473) Importer(815301076,1909f56bfc062723c751e8b465ee728b)
Start importing Assets/Art/789_Lorc_RPG_icons/Icon.2_36.png using Guid(916bbcc6b52d73d4191c68312cfc0473) Importer(815301076,1909f56bfc062723c751e8b465ee728b) (PreviewImporter) -> (artifact id: '8d6f9c144111fdc2114a0a2b14b97c5d') in 0.0351478 seconds
Number of updated asset objects reloaded before import = 0Number of asset objects unloaded after import = 3

========================================================================
Received Import Request.
  Time since last request: 1.075531 seconds.
  path: Assets/Art/789_Lorc_RPG_icons/Icon.2_38.png
  artifactKey: Guid(8e0ac44b5126887468e8fbb55a9e10cf) Importer(815301076,1909f56bfc062723c751e8b465ee728b)
Start importing Assets/Art/789_Lorc_RPG_icons/Icon.2_38.png using Guid(8e0ac44b5126887468e8fbb55a9e10cf) Importer(815301076,1909f56bfc062723c751e8b465ee728b) (PreviewImporter) -> (artifact id: '2cc9fa18dffefabe5da5e1f5570a7b1c') in 0.0369539 seconds
Number of updated asset objects reloaded before import = 0Number of asset objects unloaded after import = 3

========================================================================
Received Import Request.
  Time since last request: 0.000022 seconds.
  path: Assets/Art/789_Lorc_RPG_icons/Icon.2_39.png
  artifactKey: Guid(c951e53754909864dbfc7ff2ab82fa92) Importer(815301076,1909f56bfc062723c751e8b465ee728b)
Start importing Assets/Art/789_Lorc_RPG_icons/Icon.2_39.png using Guid(c951e53754909864dbfc7ff2ab82fa92) Importer(815301076,1909f56bfc062723c751e8b465ee728b) (PreviewImporter) -> (artifact id: 'b50da2f2fd663387cb184240a6a152e7') in 0.0201494 seconds
Number of updated asset objects reloaded before import = 0Number of asset objects unloaded after import = 3

========================================================================
Received Import Request.
  Time since last request: 0.000050 seconds.
  path: Assets/Art/789_Lorc_RPG_icons/Icon.2_41.png
  artifactKey: Guid(95293f220db32194d8980ff5eee9a581) Importer(815301076,1909f56bfc062723c751e8b465ee728b)
Start importing Assets/Art/789_Lorc_RPG_icons/Icon.2_41.png using Guid(95293f220db32194d8980ff5eee9a581) Importer(815301076,1909f56bfc062723c751e8b465ee728b) (PreviewImporter) -> (artifact id: '5677d4f572a3b484a55b6cc1d7abaf44') in 0.0277079 seconds
Number of updated asset objects reloaded before import = 0Number of asset objects unloaded after import = 3

========================================================================
Received Import Request.
  Time since last request: 0.351204 seconds.
  path: Assets/Art/789_Lorc_RPG_icons/Icon.2_43.png
  artifactKey: Guid(f9085bcfb5fa46b48845e89431606784) Importer(815301076,1909f56bfc062723c751e8b465ee728b)
Start importing Assets/Art/789_Lorc_RPG_icons/Icon.2_43.png using Guid(f9085bcfb5fa46b48845e89431606784) Importer(815301076,1909f56bfc062723c751e8b465ee728b) (PreviewImporter) -> (artifact id: 'f617b210456472856d27389e11c5deb5') in 0.018928 seconds
Number of updated asset objects reloaded before import = 0Number of asset objects unloaded after import = 3

========================================================================
Received Import Request.
  Time since last request: 0.000028 seconds.
  path: Assets/Art/789_Lorc_RPG_icons/Icon.2_45.png
  artifactKey: Guid(29dd4edaebfcfe14d82485955e26462f) Importer(815301076,1909f56bfc062723c751e8b465ee728b)
Start importing Assets/Art/789_Lorc_RPG_icons/Icon.2_45.png using Guid(29dd4edaebfcfe14d82485955e26462f) Importer(815301076,1909f56bfc062723c751e8b465ee728b) (PreviewImporter) -> (artifact id: '9c1305fa178b1f2e3c865de96a877e87') in 0.0298757 seconds
Number of updated asset objects reloaded before import = 0Number of asset objects unloaded after import = 3

========================================================================
Received Import Request.
  Time since last request: 0.000035 seconds.
  path: Assets/Art/789_Lorc_RPG_icons/Icon.2_48.png
  artifactKey: Guid(58371784f7dd9214b812907d665f5e15) Importer(815301076,1909f56bfc062723c751e8b465ee728b)
Start importing Assets/Art/789_Lorc_RPG_icons/Icon.2_48.png using Guid(58371784f7dd9214b812907d665f5e15) Importer(815301076,1909f56bfc062723c751e8b465ee728b) (PreviewImporter) -> (artifact id: '1c27f5be5a221d1e2bc3f27cd3f34db2') in 0.0190307 seconds
Number of updated asset objects reloaded before import = 0Number of asset objects unloaded after import = 3

========================================================================
Received Import Request.
  Time since last request: 0.000023 seconds.
  path: Assets/Art/789_Lorc_RPG_icons/Icon.2_51.png
  artifactKey: Guid(1b4c9e74f982e6c46a28318bef08420d) Importer(815301076,1909f56bfc062723c751e8b465ee728b)
Start importing Assets/Art/789_Lorc_RPG_icons/Icon.2_51.png using Guid(1b4c9e74f982e6c46a28318bef08420d) Importer(815301076,1909f56bfc062723c751e8b465ee728b) (PreviewImporter) -> (artifact id: '35962d597f5a5e4edfbddf8d9e6b5f14') in 0.0205062 seconds
Number of updated asset objects reloaded before import = 0Number of asset objects unloaded after import = 3

========================================================================
Received Import Request.
  Time since last request: 0.000024 seconds.
  path: Assets/Art/789_Lorc_RPG_icons/Icon.2_44.png
  artifactKey: Guid(da5055dae01ecf14bb2b8f56c0f481ac) Importer(815301076,1909f56bfc062723c751e8b465ee728b)
Start importing Assets/Art/789_Lorc_RPG_icons/Icon.2_44.png using Guid(da5055dae01ecf14bb2b8f56c0f481ac) Importer(815301076,1909f56bfc062723c751e8b465ee728b) (PreviewImporter) -> (artifact id: '7510166f626696bde19734e20fbcb2e7') in 0.0284194 seconds
Number of updated asset objects reloaded before import = 0Number of asset objects unloaded after import = 3

========================================================================
Received Import Request.
  Time since last request: 1.042689 seconds.
  path: Assets/Art/789_Lorc_RPG_icons/Icon.2_54.png
  artifactKey: Guid(a6166c423abd44f4a92b25dd79238c62) Importer(815301076,1909f56bfc062723c751e8b465ee728b)
Start importing Assets/Art/789_Lorc_RPG_icons/Icon.2_54.png using Guid(a6166c423abd44f4a92b25dd79238c62) Importer(815301076,1909f56bfc062723c751e8b465ee728b) (PreviewImporter) -> (artifact id: 'e63be02d6cc06cc1ecb4913e3501f08b') in 0.0215767 seconds
Number of updated asset objects reloaded before import = 0Number of asset objects unloaded after import = 3

========================================================================
Received Import Request.
  Time since last request: 0.000021 seconds.
  path: Assets/Art/789_Lorc_RPG_icons/Icon.2_57.png
  artifactKey: Guid(faae667a61337c943a556f51e72bf76c) Importer(815301076,1909f56bfc062723c751e8b465ee728b)
Start importing Assets/Art/789_Lorc_RPG_icons/Icon.2_57.png using Guid(faae667a61337c943a556f51e72bf76c) Importer(815301076,1909f56bfc062723c751e8b465ee728b) (PreviewImporter) -> (artifact id: '909b0a70ae5716853e49ee9adc09ae34') in 0.0259639 seconds
Number of updated asset objects reloaded before import = 0Number of asset objects unloaded after import = 3

========================================================================
Received Import Request.
  Time since last request: 0.000024 seconds.
  path: Assets/Art/789_Lorc_RPG_icons/Icon.2_55.png
  artifactKey: Guid(9c559285abb13df4e8d55a34dc827488) Importer(815301076,1909f56bfc062723c751e8b465ee728b)
Start importing Assets/Art/789_Lorc_RPG_icons/Icon.2_55.png using Guid(9c559285abb13df4e8d55a34dc827488) Importer(815301076,1909f56bfc062723c751e8b465ee728b) (PreviewImporter) -> (artifact id: 'bbfdd797e06a998b50d0f80dfe1c40de') in 0.0202738 seconds
Number of updated asset objects reloaded before import = 0Number of asset objects unloaded after import = 3

========================================================================
Received Import Request.
  Time since last request: 0.000024 seconds.
  path: Assets/Art/789_Lorc_RPG_icons/Icon.2_61.png
  artifactKey: Guid(f83b90dfedd48f44f81caa8d5cbc2e0f) Importer(815301076,1909f56bfc062723c751e8b465ee728b)
Start importing Assets/Art/789_Lorc_RPG_icons/Icon.2_61.png using Guid(f83b90dfedd48f44f81caa8d5cbc2e0f) Importer(815301076,1909f56bfc062723c751e8b465ee728b) (PreviewImporter) -> (artifact id: '7109550dbef28bd3015323731837d42d') in 0.0317248 seconds
Number of updated asset objects reloaded before import = 0Number of asset objects unloaded after import = 3

========================================================================
Received Import Request.
  Time since last request: 0.439614 seconds.
  path: Assets/Art/789_Lorc_RPG_icons/Icon.2_64.png
  artifactKey: Guid(fe97bde32e058a245b51dc2dedc0cc2a) Importer(815301076,1909f56bfc062723c751e8b465ee728b)
Start importing Assets/Art/789_Lorc_RPG_icons/Icon.2_64.png using Guid(fe97bde32e058a245b51dc2dedc0cc2a) Importer(815301076,1909f56bfc062723c751e8b465ee728b) (PreviewImporter) -> (artifact id: 'ca6c6036932fcb45220ea4537f47527b') in 0.0387368 seconds
Number of updated asset objects reloaded before import = 0Number of asset objects unloaded after import = 3

========================================================================
Received Import Request.
  Time since last request: 0.000024 seconds.
  path: Assets/Art/789_Lorc_RPG_icons/Icon.2_65.png
  artifactKey: Guid(371b254db3e5a4e42a15d4bead0ada07) Importer(815301076,1909f56bfc062723c751e8b465ee728b)
Start importing Assets/Art/789_Lorc_RPG_icons/Icon.2_65.png using Guid(371b254db3e5a4e42a15d4bead0ada07) Importer(815301076,1909f56bfc062723c751e8b465ee728b) (PreviewImporter) -> (artifact id: '0aff4baf07aa2707d9dbcde783345ebc') in 0.0206747 seconds
Number of updated asset objects reloaded before import = 0Number of asset objects unloaded after import = 3

========================================================================
Received Import Request.
  Time since last request: 0.000018 seconds.
  path: Assets/Art/789_Lorc_RPG_icons/Icon.2_67.png
  artifactKey: Guid(c1e9e7554d9446c45be75db38e076a90) Importer(815301076,1909f56bfc062723c751e8b465ee728b)
Start importing Assets/Art/789_Lorc_RPG_icons/Icon.2_67.png using Guid(c1e9e7554d9446c45be75db38e076a90) Importer(815301076,1909f56bfc062723c751e8b465ee728b) (PreviewImporter) -> (artifact id: 'b857302d8b9bf91568c3c122521a89d5') in 0.0189218 seconds
Number of updated asset objects reloaded before import = 0Number of asset objects unloaded after import = 3

========================================================================
Received Import Request.
  Time since last request: 0.000022 seconds.
  path: Assets/Art/789_Lorc_RPG_icons/Icon.2_68.png
  artifactKey: Guid(fa53accca9027284ebc2e3e71efb9adb) Importer(815301076,1909f56bfc062723c751e8b465ee728b)
Start importing Assets/Art/789_Lorc_RPG_icons/Icon.2_68.png using Guid(fa53accca9027284ebc2e3e71efb9adb) Importer(815301076,1909f56bfc062723c751e8b465ee728b) (PreviewImporter) -> (artifact id: '7faf2ccf78b768d6e172482e4303c8aa') in 0.028292 seconds
Number of updated asset objects reloaded before import = 0Number of asset objects unloaded after import = 3

========================================================================
Received Import Request.
  Time since last request: 0.547874 seconds.
  path: Assets/Art/789_Lorc_RPG_icons/Icon.2_74.png
  artifactKey: Guid(11f96b8cf844fa44c9adf0e15c8d7db2) Importer(815301076,1909f56bfc062723c751e8b465ee728b)
Start importing Assets/Art/789_Lorc_RPG_icons/Icon.2_74.png using Guid(11f96b8cf844fa44c9adf0e15c8d7db2) Importer(815301076,1909f56bfc062723c751e8b465ee728b) (PreviewImporter) -> (artifact id: '8c61031e478881b6a055e9adb127b3ec') in 0.0217893 seconds
Number of updated asset objects reloaded before import = 0Number of asset objects unloaded after import = 3

========================================================================
Received Import Request.
  Time since last request: 0.000022 seconds.
  path: Assets/Art/789_Lorc_RPG_icons/Icon.2_77.png
  artifactKey: Guid(86fccac051709f747b49ae85a67e4686) Importer(815301076,1909f56bfc062723c751e8b465ee728b)
Start importing Assets/Art/789_Lorc_RPG_icons/Icon.2_77.png using Guid(86fccac051709f747b49ae85a67e4686) Importer(815301076,1909f56bfc062723c751e8b465ee728b) (PreviewImporter) -> (artifact id: 'fb8026b435419f0018612a465e95d424') in 0.0215434 seconds
Number of updated asset objects reloaded before import = 0Number of asset objects unloaded after import = 3

========================================================================
Received Import Request.
  Time since last request: 0.000032 seconds.
  path: Assets/Art/789_Lorc_RPG_icons/Icon.2_79.png
  artifactKey: Guid(9663783d4a627b84cb6dde99796a2ed3) Importer(815301076,1909f56bfc062723c751e8b465ee728b)
Start importing Assets/Art/789_Lorc_RPG_icons/Icon.2_79.png using Guid(9663783d4a627b84cb6dde99796a2ed3) Importer(815301076,1909f56bfc062723c751e8b465ee728b) (PreviewImporter) -> (artifact id: 'a5ff64256b1853aaa631870ccac8c728') in 0.0352103 seconds
Number of updated asset objects reloaded before import = 0Number of asset objects unloaded after import = 3

========================================================================
Received Import Request.
  Time since last request: 1.139901 seconds.
  path: Assets/Art/789_Lorc_RPG_icons/Icon.2_84.png
  artifactKey: Guid(fe1718f640f8b0448a05be2a5ae6818e) Importer(815301076,1909f56bfc062723c751e8b465ee728b)
Start importing Assets/Art/789_Lorc_RPG_icons/Icon.2_84.png using Guid(fe1718f640f8b0448a05be2a5ae6818e) Importer(815301076,1909f56bfc062723c751e8b465ee728b) (PreviewImporter) -> (artifact id: '085dbc9cc8b8448998573a1ecd786510') in 0.0246237 seconds
Number of updated asset objects reloaded before import = 0Number of asset objects unloaded after import = 3

========================================================================
Received Import Request.
  Time since last request: 0.000020 seconds.
  path: Assets/Art/789_Lorc_RPG_icons/Icon.2_86.png
  artifactKey: Guid(ef08f7b4c15aaf84fb03448d5e8a53a5) Importer(815301076,1909f56bfc062723c751e8b465ee728b)
Start importing Assets/Art/789_Lorc_RPG_icons/Icon.2_86.png using Guid(ef08f7b4c15aaf84fb03448d5e8a53a5) Importer(815301076,1909f56bfc062723c751e8b465ee728b) (PreviewImporter) -> (artifact id: '3799343b27f5909ab4b03e6636a09073') in 0.0189927 seconds
Number of updated asset objects reloaded before import = 0Number of asset objects unloaded after import = 3

========================================================================
Received Import Request.
  Time since last request: 0.250057 seconds.
  path: Assets/Art/789_Lorc_RPG_icons/Icon.2_89.png
  artifactKey: Guid(052030ddff521074fbde308e103bc205) Importer(815301076,1909f56bfc062723c751e8b465ee728b)
Start importing Assets/Art/789_Lorc_RPG_icons/Icon.2_89.png using Guid(052030ddff521074fbde308e103bc205) Importer(815301076,1909f56bfc062723c751e8b465ee728b) (PreviewImporter) -> (artifact id: 'd3e129e3569dc1833ba8ac8ca40b9dbd') in 0.0168406 seconds
Number of updated asset objects reloaded before import = 0Number of asset objects unloaded after import = 3

========================================================================
Received Import Request.
  Time since last request: 0.389838 seconds.
  path: Assets/Art/789_Lorc_RPG_icons/Icon.2_94.png
  artifactKey: Guid(00ec7bc8c2d0b1a4ca0ca96442230a0a) Importer(815301076,1909f56bfc062723c751e8b465ee728b)
Start importing Assets/Art/789_Lorc_RPG_icons/Icon.2_94.png using Guid(00ec7bc8c2d0b1a4ca0ca96442230a0a) Importer(815301076,1909f56bfc062723c751e8b465ee728b) (PreviewImporter) -> (artifact id: 'abb3dae0dc846b54a13e8dd80c1ae8cb') in 0.0193653 seconds
Number of updated asset objects reloaded before import = 0Number of asset objects unloaded after import = 3

========================================================================
Received Import Request.
  Time since last request: 0.000018 seconds.
  path: Assets/Art/789_Lorc_RPG_icons/Icon.2_96.png
  artifactKey: Guid(7bff81bda49e9364bafeefa4acc8a705) Importer(815301076,1909f56bfc062723c751e8b465ee728b)
Start importing Assets/Art/789_Lorc_RPG_icons/Icon.2_96.png using Guid(7bff81bda49e9364bafeefa4acc8a705) Importer(815301076,1909f56bfc062723c751e8b465ee728b) (PreviewImporter) -> (artifact id: '6aec6bdde3c7f2fddfdefb5f512dd934') in 0.0173311 seconds
Number of updated asset objects reloaded before import = 0Number of asset objects unloaded after import = 3

========================================================================
Received Import Request.
  Time since last request: 92.173795 seconds.
  path: Assets/Art/789_Lorc_RPG_icons/Icon.2_98.png
  artifactKey: Guid(b4cd5452aa09a8e409e26315ccc7f216) Importer(815301076,1909f56bfc062723c751e8b465ee728b)
Start importing Assets/Art/789_Lorc_RPG_icons/Icon.2_98.png using Guid(b4cd5452aa09a8e409e26315ccc7f216) Importer(815301076,1909f56bfc062723c751e8b465ee728b) (PreviewImporter) -> (artifact id: 'd37bfb7d72450b76aae632bb69f4505c') in 0.0223179 seconds
Number of updated asset objects reloaded before import = 0Number of asset objects unloaded after import = 3

========================================================================
Received Import Request.
  Time since last request: 0.000024 seconds.
  path: Assets/Art/789_Lorc_RPG_icons/Icon.2_100.png
  artifactKey: Guid(36ad375340f16884290643d27274783f) Importer(815301076,1909f56bfc062723c751e8b465ee728b)
Start importing Assets/Art/789_Lorc_RPG_icons/Icon.2_100.png using Guid(36ad375340f16884290643d27274783f) Importer(815301076,1909f56bfc062723c751e8b465ee728b) (PreviewImporter) -> (artifact id: '7cbd4b25e5e384eeb718c4ba55fd4ed9') in 0.0188343 seconds
Number of updated asset objects reloaded before import = 0Number of asset objects unloaded after import = 3

========================================================================
Received Import Request.
  Time since last request: 0.000043 seconds.
  path: Assets/Art/789_Lorc_RPG_icons/Icon.2_99.png
  artifactKey: Guid(1e812be35dc2df040a69653f17a514ca) Importer(815301076,1909f56bfc062723c751e8b465ee728b)
Start importing Assets/Art/789_Lorc_RPG_icons/Icon.2_99.png using Guid(1e812be35dc2df040a69653f17a514ca) Importer(815301076,1909f56bfc062723c751e8b465ee728b) (PreviewImporter) -> (artifact id: '5937908683e3d689b18bebe14acc9bc4') in 0.0175898 seconds
Number of updated asset objects reloaded before import = 0Number of asset objects unloaded after import = 3

========================================================================
Received Import Request.
  Time since last request: 0.180370 seconds.
  path: Assets/Art/789_Lorc_RPG_icons/Icon.3_03.png
  artifactKey: Guid(0074da5c7e32a0149aa19bea44ef807d) Importer(815301076,1909f56bfc062723c751e8b465ee728b)
Start importing Assets/Art/789_Lorc_RPG_icons/Icon.3_03.png using Guid(0074da5c7e32a0149aa19bea44ef807d) Importer(815301076,1909f56bfc062723c751e8b465ee728b) (PreviewImporter) -> (artifact id: '99ccbb3fb2dc113b57729e81b97ef678') in 0.01993 seconds
Number of updated asset objects reloaded before import = 0Number of asset objects unloaded after import = 3

========================================================================
Received Import Request.
  Time since last request: 0.000024 seconds.
  path: Assets/Art/789_Lorc_RPG_icons/Icon.3_05.png
  artifactKey: Guid(f3d0319602e9c354aaf34b887a6123d5) Importer(815301076,1909f56bfc062723c751e8b465ee728b)
Start importing Assets/Art/789_Lorc_RPG_icons/Icon.3_05.png using Guid(f3d0319602e9c354aaf34b887a6123d5) Importer(815301076,1909f56bfc062723c751e8b465ee728b) (PreviewImporter) -> (artifact id: 'cbd276a2185bbb92c1282864753d2f2e') in 0.0219593 seconds
Number of updated asset objects reloaded before import = 0Number of asset objects unloaded after import = 3

Editor requested this worker to shutdown with reason: Scaling down because of idle timeout
AssetImportWorker is now disconnected from the server
Process exiting
Exiting without the bug reporter. Application will terminate with return code 0